2018-10-08 00:14:17,071 INFO (StartupInfoLogger.java:48)- Starting Application on DESKTOP-GG6D0SA with PID 4276 (F:\software\eclipse\workspace\workspace-scriptweb\scriptweb\target\classes started by shuju in F:\software\eclipse\workspace\workspace-scriptweb\scriptweb)
2018-10-08 00:14:17,080 DEBUG (StartupInfoLogger.java:51)- Running with Spring Boot v1.5.4.RELEASE, Spring v4.3.9.RELEASE
2018-10-08 00:14:17,080 INFO (SpringApplication.java:593)- No active profile set, falling back to default profiles: default
2018-10-08 00:14:24,274 INFO (StartupInfoLogger.java:57)- Started Application in 7.686 seconds (JVM running for 8.673)
2018-10-08 00:14:48,145 INFO (StartupInfoLogger.java:48)- Starting Application on DESKTOP-GG6D0SA with PID 4276 (F:\software\eclipse\workspace\workspace-scriptweb\scriptweb\target\classes started by shuju in F:\software\eclipse\workspace\workspace-scriptweb\scriptweb)
2018-10-08 00:14:48,145 DEBUG (StartupInfoLogger.java:51)- Running with Spring Boot v1.5.4.RELEASE, Spring v4.3.9.RELEASE
2018-10-08 00:14:48,145 INFO (SpringApplication.java:593)- No active profile set, falling back to default profiles: default
2018-10-08 00:14:50,650 INFO (StartupInfoLogger.java:57)- Started Application in 2.578 seconds (JVM running for 35.05)
2018-10-08 00:15:06,543 INFO (StartupInfoLogger.java:48)- Starting Application on DESKTOP-GG6D0SA with PID 4276 (F:\software\eclipse\workspace\workspace-scriptweb\scriptweb\target\classes started by shuju in F:\software\eclipse\workspace\workspace-scriptweb\scriptweb)
2018-10-08 00:15:06,543 DEBUG (StartupInfoLogger.java:51)- Running with Spring Boot v1.5.4.RELEASE, Spring v4.3.9.RELEASE
2018-10-08 00:15:06,543 INFO (SpringApplication.java:593)- No active profile set, falling back to default profiles: default
2018-10-08 00:15:09,174 INFO (StartupInfoLogger.java:57)- Started Application in 2.717 seconds (JVM running for 53.574)
2018-10-08 00:15:17,353 INFO (StartupInfoLogger.java:48)- Starting Application on DESKTOP-GG6D0SA with PID 4276 (F:\software\eclipse\workspace\workspace-scriptweb\scriptweb\target\classes started by shuju in F:\software\eclipse\workspace\workspace-scriptweb\scriptweb)
2018-10-08 00:15:17,354 DEBUG (StartupInfoLogger.java:51)- Running with Spring Boot v1.5.4.RELEASE, Spring v4.3.9.RELEASE
2018-10-08 00:15:17,354 INFO (SpringApplication.java:593)- No active profile set, falling back to default profiles: default
2018-10-08 00:15:19,351 INFO (StartupInfoLogger.java:57)- Started Application in 2.073 seconds (JVM running for 63.751)
2018-10-08 00:15:29,550 INFO (StartupInfoLogger.java:48)- Starting Application on DESKTOP-GG6D0SA with PID 4276 (F:\software\eclipse\workspace\workspace-scriptweb\scriptweb\target\classes started by shuju in F:\software\eclipse\workspace\workspace-scriptweb\scriptweb)
2018-10-08 00:15:29,550 DEBUG (StartupInfoLogger.java:51)- Running with Spring Boot v1.5.4.RELEASE, Spring v4.3.9.RELEASE
2018-10-08 00:15:29,551 INFO (SpringApplication.java:593)- No active profile set, falling back to default profiles: default
2018-10-08 00:15:31,646 INFO (StartupInfoLogger.java:57)- Started Application in 2.227 seconds (JVM running for 76.046)
2018-10-08 00:15:41,964 INFO (StartupInfoLogger.java:48)- Starting Application on DESKTOP-GG6D0SA with PID 4276 (F:\software\eclipse\workspace\workspace-scriptweb\scriptweb\target\classes started by shuju in F:\software\eclipse\workspace\workspace-scriptweb\scriptweb)
2018-10-08 00:15:41,966 DEBUG (StartupInfoLogger.java:51)- Running with Spring Boot v1.5.4.RELEASE, Spring v4.3.9.RELEASE
2018-10-08 00:15:41,966 INFO (SpringApplication.java:593)- No active profile set, falling back to default profiles: default
2018-10-08 00:15:44,662 INFO (StartupInfoLogger.java:57)- Started Application in 2.794 seconds (JVM running for 89.062)
2018-10-08 00:16:13,267 INFO (StartupInfoLogger.java:48)- Starting Application on DESKTOP-GG6D0SA with PID 4276 (F:\software\eclipse\workspace\workspace-scriptweb\scriptweb\target\classes started by shuju in F:\software\eclipse\workspace\workspace-scriptweb\scriptweb)
2018-10-08 00:16:13,268 DEBUG (StartupInfoLogger.java:51)- Running with Spring Boot v1.5.4.RELEASE, Spring v4.3.9.RELEASE
2018-10-08 00:16:13,268 INFO (SpringApplication.java:593)- No active profile set, falling back to default profiles: default
2018-10-08 00:16:15,516 INFO (StartupInfoLogger.java:57)- Started Application in 2.344 seconds (JVM running for 119.916)
2018-10-08 00:16:28,910 INFO (StartupInfoLogger.java:48)- Starting Application on DESKTOP-GG6D0SA with PID 4276 (F:\software\eclipse\workspace\workspace-scriptweb\scriptweb\target\classes started by shuju in F:\software\eclipse\workspace\workspace-scriptweb\scriptweb)
2018-10-08 00:16:28,911 DEBUG (StartupInfoLogger.java:51)- Running with Spring Boot v1.5.4.RELEASE, Spring v4.3.9.RELEASE
2018-10-08 00:16:28,911 INFO (SpringApplication.java:593)- No active profile set, falling back to default profiles: default
2018-10-08 00:16:30,667 INFO (StartupInfoLogger.java:57)- Started Application in 1.818 seconds (JVM running for 135.067)
2018-10-08 00:16:42,125 INFO (StartupInfoLogger.java:48)- Starting Application on DESKTOP-GG6D0SA with PID 4276 (F:\software\eclipse\workspace\workspace-scriptweb\scriptweb\target\classes started by shuju in F:\software\eclipse\workspace\workspace-scriptweb\scriptweb)
2018-10-08 00:16:42,125 DEBUG (StartupInfoLogger.java:51)- Running with Spring Boot v1.5.4.RELEASE, Spring v4.3.9.RELEASE
2018-10-08 00:16:42,125 INFO (SpringApplication.java:593)- No active profile set, falling back to default profiles: default
2018-10-08 00:16:45,426 INFO (StartupInfoLogger.java:57)- Started Application in 3.385 seconds (JVM running for 149.826)
2018-10-08 00:16:52,525 INFO (StartupInfoLogger.java:48)- Starting Application on DESKTOP-GG6D0SA with PID 4276 (F:\software\eclipse\workspace\workspace-scriptweb\scriptweb\target\classes started by shuju in F:\software\eclipse\workspace\workspace-scriptweb\scriptweb)
2018-10-08 00:16:52,526 DEBUG (StartupInfoLogger.java:51)- Running with Spring Boot v1.5.4.RELEASE, Spring v4.3.9.RELEASE
2018-10-08 00:16:52,526 INFO (SpringApplication.java:593)- No active profile set, falling back to default profiles: default
2018-10-08 00:16:55,038 INFO (StartupInfoLogger.java:57)- Started Application in 2.588 seconds (JVM running for 159.438)
2018-10-08 00:18:40,544 INFO (StartupInfoLogger.java:48)- Starting Application on DESKTOP-GG6D0SA with PID 4276 (F:\software\eclipse\workspace\workspace-scriptweb\scriptweb\target\classes started by shuju in F:\software\eclipse\workspace\workspace-scriptweb\scriptweb)
2018-10-08 00:18:40,544 DEBUG (StartupInfoLogger.java:51)- Running with Spring Boot v1.5.4.RELEASE, Spring v4.3.9.RELEASE
2018-10-08 00:18:40,544 INFO (SpringApplication.java:593)- No active profile set, falling back to default profiles: default
2018-10-08 00:18:42,357 INFO (StartupInfoLogger.java:57)- Started Application in 1.882 seconds (JVM running for 266.757)
2018-10-08 00:19:07,804 INFO (StartupInfoLogger.java:48)- Starting Application on DESKTOP-GG6D0SA with PID 4276 (F:\software\eclipse\workspace\workspace-scriptweb\scriptweb\target\classes started by shuju in F:\software\eclipse\workspace\workspace-scriptweb\scriptweb)
2018-10-08 00:19:07,804 DEBUG (StartupInfoLogger.java:51)- Running with Spring Boot v1.5.4.RELEASE, Spring v4.3.9.RELEASE
2018-10-08 00:19:07,804 INFO (SpringApplication.java:593)- No active profile set, falling back to default profiles: default
2018-10-08 00:19:19,483 INFO (StartupInfoLogger.java:48)- Starting Application on DESKTOP-GG6D0SA with PID 14936 (F:\software\eclipse\workspace\workspace-scriptweb\scriptweb\target\classes started by shuju in F:\software\eclipse\workspace\workspace-scriptweb\scriptweb)
2018-10-08 00:19:19,484 DEBUG (StartupInfoLogger.java:51)- Running with Spring Boot v1.5.4.RELEASE, Spring v4.3.9.RELEASE
2018-10-08 00:19:19,485 INFO (SpringApplication.java:593)- No active profile set, falling back to default profiles: default
2018-10-08 00:19:25,578 INFO (StartupInfoLogger.java:57)- Started Application in 6.54 seconds (JVM running for 7.565)
2018-10-08 22:01:10,958 INFO (StartupInfoLogger.java:48)- Starting Application on DESKTOP-GG6D0SA with PID 15960 (F:\software\eclipse\workspace\workspace-scriptweb\scriptweb\target\classes started by shuju in F:\software\eclipse\workspace\workspace-scriptweb\scriptweb)
2018-10-08 22:01:10,971 DEBUG (StartupInfoLogger.java:51)- Running with Spring Boot v1.5.4.RELEASE, Spring v4.3.9.RELEASE
2018-10-08 22:01:10,972 INFO (SpringApplication.java:593)- No active profile set, falling back to default profiles: default
2018-10-08 22:01:19,153 INFO (StartupInfoLogger.java:57)- Started Application in 8.775 seconds (JVM running for 10.75)
2018-10-08 22:17:11,548 INFO (StartupInfoLogger.java:48)- Starting Application on DESKTOP-GG6D0SA with PID 15960 (F:\software\eclipse\workspace\workspace-scriptweb\scriptweb\target\classes started by shuju in F:\software\eclipse\workspace\workspace-scriptweb\scriptweb)
2018-10-08 22:17:11,549 DEBUG (StartupInfoLogger.java:51)- Running with Spring Boot v1.5.4.RELEASE, Spring v4.3.9.RELEASE
2018-10-08 22:17:11,549 INFO (SpringApplication.java:593)- No active profile set, falling back to default profiles: default
2018-10-08 22:17:14,707 INFO (StartupInfoLogger.java:57)- Started Application in 3.308 seconds (JVM running for 966.304)
2018-10-08 22:17:28,051 INFO (StartupInfoLogger.java:48)- Starting Application on DESKTOP-GG6D0SA with PID 15960 (F:\software\eclipse\workspace\workspace-scriptweb\scriptweb\target\classes started by shuju in F:\software\eclipse\workspace\workspace-scriptweb\scriptweb)
2018-10-08 22:17:28,051 DEBUG (StartupInfoLogger.java:51)- Running with Spring Boot v1.5.4.RELEASE, Spring v4.3.9.RELEASE
2018-10-08 22:17:28,051 INFO (SpringApplication.java:593)- No active profile set, falling back to default profiles: default
2018-10-08 22:17:30,074 INFO (StartupInfoLogger.java:57)- Started Application in 2.097 seconds (JVM running for 981.671)
2018-10-08 22:20:11,646 INFO (StartupInfoLogger.java:48)- Starting Application on DESKTOP-GG6D0SA with PID 15960 (F:\software\eclipse\workspace\workspace-scriptweb\scriptweb\target\classes started by shuju in F:\software\eclipse\workspace\workspace-scriptweb\scriptweb)
2018-10-08 22:20:11,647 DEBUG (StartupInfoLogger.java:51)- Running with Spring Boot v1.5.4.RELEASE, Spring v4.3.9.RELEASE
2018-10-08 22:20:11,647 INFO (SpringApplication.java:593)- No active profile set, falling back to default profiles: default
2018-10-08 22:20:13,494 INFO (StartupInfoLogger.java:57)- Started Application in 1.915 seconds (JVM running for 1145.091)
2018-10-08 22:23:18,744 INFO (StartupInfoLogger.java:48)- Starting Application on DESKTOP-GG6D0SA with PID 15960 (F:\software\eclipse\workspace\workspace-scriptweb\scriptweb\target\classes started by shuju in F:\software\eclipse\workspace\workspace-scriptweb\scriptweb)
2018-10-08 22:23:18,744 DEBUG (StartupInfoLogger.java:51)- Running with Spring Boot v1.5.4.RELEASE, Spring v4.3.9.RELEASE
2018-10-08 22:23:18,748 INFO (SpringApplication.java:593)- No active profile set, falling back to default profiles: default
2018-10-08 22:23:21,051 INFO (StartupInfoLogger.java:57)- Started Application in 2.412 seconds (JVM running for 1332.648)
2018-10-08 22:24:48,283 INFO (StartupInfoLogger.java:48)- Starting Application on DESKTOP-GG6D0SA with PID 15960 (F:\software\eclipse\workspace\workspace-scriptweb\scriptweb\target\classes started by shuju in F:\software\eclipse\workspace\workspace-scriptweb\scriptweb)
2018-10-08 22:24:48,283 DEBUG (StartupInfoLogger.java:51)- Running with Spring Boot v1.5.4.RELEASE, Spring v4.3.9.RELEASE
2018-10-08 22:24:48,284 INFO (SpringApplication.java:593)- No active profile set, falling back to default profiles: default
2018-10-08 22:24:50,236 INFO (StartupInfoLogger.java:57)- Started Application in 2.051 seconds (JVM running for 1421.832)
2018-10-08 23:28:57,052 INFO (StartupInfoLogger.java:48)- Starting Application on DESKTOP-GG6D0SA with PID 20772 (F:\software\eclipse\workspace\workspace-scriptweb\scriptweb\target\classes started by shuju in F:\software\eclipse\workspace\workspace-scriptweb\scriptweb)
2018-10-08 23:28:57,053 DEBUG (StartupInfoLogger.java:51)- Running with Spring Boot v1.5.4.RELEASE, Spring v4.3.9.RELEASE
2018-10-08 23:28:57,054 INFO (SpringApplication.java:593)- No active profile set, falling back to default profiles: default
2018-10-08 23:29:04,657 INFO (StartupInfoLogger.java:57)- Started Application in 8.096 seconds (JVM running for 9.31)
2018-10-08 23:33:13,654 INFO (StartupInfoLogger.java:48)- Starting Application on DESKTOP-GG6D0SA with PID 20772 (F:\software\eclipse\workspace\workspace-scriptweb\scriptweb\target\classes started by shuju in F:\software\eclipse\workspace\workspace-scriptweb\scriptweb)
2018-10-08 23:33:13,655 DEBUG (StartupInfoLogger.java:51)- Running with Spring Boot v1.5.4.RELEASE, Spring v4.3.9.RELEASE
2018-10-08 23:33:13,655 INFO (SpringApplication.java:593)- No active profile set, falling back to default profiles: default
2018-10-08 23:33:16,196 INFO (StartupInfoLogger.java:57)- Started Application in 2.665 seconds (JVM running for 260.849)
2018-10-08 23:40:08,377 INFO (StartupInfoLogger.java:48)- Starting Application on DESKTOP-GG6D0SA with PID 20772 (F:\software\eclipse\workspace\workspace-scriptweb\scriptweb\target\classes started by shuju in F:\software\eclipse\workspace\workspace-scriptweb\scriptweb)
2018-10-08 23:40:08,377 DEBUG (StartupInfoLogger.java:51)- Running with Spring Boot v1.5.4.RELEASE, Spring v4.3.9.RELEASE
2018-10-08 23:40:08,377 INFO (SpringApplication.java:593)- No active profile set, falling back to default profiles: default
2018-10-08 23:40:10,505 INFO (StartupInfoLogger.java:57)- Started Application in 2.265 seconds (JVM running for 675.158)
2018-10-08 23:42:11,943 INFO (StartupInfoLogger.java:48)- Starting Application on DESKTOP-GG6D0SA with PID 20772 (F:\software\eclipse\workspace\workspace-scriptweb\scriptweb\target\classes started by shuju in F:\software\eclipse\workspace\workspace-scriptweb\scriptweb)
2018-10-08 23:42:11,944 DEBUG (StartupInfoLogger.java:51)- Running with Spring Boot v1.5.4.RELEASE, Spring v4.3.9.RELEASE
2018-10-08 23:42:11,944 INFO (SpringApplication.java:593)- No active profile set, falling back to default profiles: default
2018-10-08 23:42:14,264 INFO (StartupInfoLogger.java:57)- Started Application in 2.489 seconds (JVM running for 798.916)
2018-10-08 23:42:28,519 INFO (StartupInfoLogger.java:48)- Starting Application on DESKTOP-GG6D0SA with PID 9464 (F:\software\eclipse\workspace\workspace-scriptweb\scriptweb\target\classes started by shuju in F:\software\eclipse\workspace\workspace-scriptweb\scriptweb)
2018-10-08 23:42:28,520 DEBUG (StartupInfoLogger.java:51)- Running with Spring Boot v1.5.4.RELEASE, Spring v4.3.9.RELEASE
2018-10-08 23:42:28,520 INFO (SpringApplication.java:593)- No active profile set, falling back to default profiles: default
2018-10-08 23:42:34,894 INFO (StartupInfoLogger.java:57)- Started Application in 6.883 seconds (JVM running for 7.954)
2018-10-08 23:46:21,986 INFO (StartupInfoLogger.java:48)- Starting Application on DESKTOP-GG6D0SA with PID 9464 (F:\software\eclipse\workspace\workspace-scriptweb\scriptweb\target\classes started by shuju in F:\software\eclipse\workspace\workspace-scriptweb\scriptweb)
2018-10-08 23:46:21,987 DEBUG (StartupInfoLogger.java:51)- Running with Spring Boot v1.5.4.RELEASE, Spring v4.3.9.RELEASE
2018-10-08 23:46:21,987 INFO (SpringApplication.java:593)- No active profile set, falling back to default profiles: default
2018-10-08 23:46:24,221 INFO (StartupInfoLogger.java:57)- Started Application in 2.373 seconds (JVM running for 237.282)
2018-10-08 23:47:11,373 INFO (StartupInfoLogger.java:48)- Starting Application on DESKTOP-GG6D0SA with PID 9464 (F:\software\eclipse\workspace\workspace-scriptweb\scriptweb\target\classes started by shuju in F:\software\eclipse\workspace\workspace-scriptweb\scriptweb)
2018-10-08 23:47:11,374 DEBUG (StartupInfoLogger.java:51)- Running with Spring Boot v1.5.4.RELEASE, Spring v4.3.9.RELEASE
2018-10-08 23:47:11,374 INFO (SpringApplication.java:593)- No active profile set, falling back to default profiles: default
2018-10-08 23:47:13,274 INFO (StartupInfoLogger.java:57)- Started Application in 1.975 seconds (JVM running for 286.334)
2018-10-08 23:47:53,390 INFO (StartupInfoLogger.java:48)- Starting Application on DESKTOP-GG6D0SA with PID 9464 (F:\software\eclipse\workspace\workspace-scriptweb\scriptweb\target\classes started by shuju in F:\software\eclipse\workspace\workspace-scriptweb\scriptweb)
2018-10-08 23:47:53,391 DEBUG (StartupInfoLogger.java:51)- Running with Spring Boot v1.5.4.RELEASE, Spring v4.3.9.RELEASE
2018-10-08 23:47:53,391 INFO (SpringApplication.java:593)- No active profile set, falling back to default profiles: default
2018-10-08 23:47:55,602 INFO (StartupInfoLogger.java:57)- Started Application in 2.335 seconds (JVM running for 328.663)
2018-10-08 23:48:25,613 INFO (StartupInfoLogger.java:48)- Starting Application on DESKTOP-GG6D0SA with PID 9464 (F:\software\eclipse\workspace\workspace-scriptweb\scriptweb\target\classes started by shuju in F:\software\eclipse\workspace\workspace-scriptweb\scriptweb)
2018-10-08 23:48:25,614 DEBUG (StartupInfoLogger.java:51)- Running with Spring Boot v1.5.4.RELEASE, Spring v4.3.9.RELEASE
2018-10-08 23:48:25,614 INFO (SpringApplication.java:593)- No active profile set, falling back to default profiles: default
2018-10-08 23:48:27,475 INFO (StartupInfoLogger.java:57)- Started Application in 1.929 seconds (JVM running for 360.536)
2018-10-08 23:48:36,521 INFO (StartupInfoLogger.java:48)- Starting Application on DESKTOP-GG6D0SA with PID 9464 (F:\software\eclipse\workspace\workspace-scriptweb\scriptweb\target\classes started by shuju in F:\software\eclipse\workspace\workspace-scriptweb\scriptweb)
2018-10-08 23:48:36,521 DEBUG (StartupInfoLogger.java:51)- Running with Spring Boot v1.5.4.RELEASE, Spring v4.3.9.RELEASE
2018-10-08 23:48:36,521 INFO (SpringApplication.java:593)- No active profile set, falling back to default profiles: default
2018-10-08 23:48:38,382 INFO (StartupInfoLogger.java:57)- Started Application in 1.926 seconds (JVM running for 371.443)
2018-10-08 23:48:42,165 INFO (StartupInfoLogger.java:48)- Starting Application on DESKTOP-GG6D0SA with PID 9464 (F:\software\eclipse\workspace\workspace-scriptweb\scriptweb\target\classes started by shuju in F:\software\eclipse\workspace\workspace-scriptweb\scriptweb)
2018-10-08 23:48:42,166 DEBUG (StartupInfoLogger.java:51)- Running with Spring Boot v1.5.4.RELEASE, Spring v4.3.9.RELEASE
2018-10-08 23:48:42,166 INFO (SpringApplication.java:593)- No active profile set, falling back to default profiles: default
2018-10-08 23:48:44,233 INFO (StartupInfoLogger.java:57)- Started Application in 2.14 seconds (JVM running for 377.294)
2018-10-08 23:49:04,030 INFO (StartupInfoLogger.java:48)- Starting Application on DESKTOP-GG6D0SA with PID 5852 (F:\software\eclipse\workspace\workspace-scriptweb\scriptweb\target\classes started by shuju in F:\software\eclipse\workspace\workspace-scriptweb\scriptweb)
2018-10-08 23:49:04,031 DEBUG (StartupInfoLogger.java:51)- Running with Spring Boot v1.5.4.RELEASE, Spring v4.3.9.RELEASE
2018-10-08 23:49:04,032 INFO (SpringApplication.java:593)- No active profile set, falling back to default profiles: default
2018-10-08 23:49:11,198 INFO (StartupInfoLogger.java:57)- Started Application in 7.678 seconds (JVM running for 8.808)
2018-10-08 23:49:58,406 INFO (StartupInfoLogger.java:48)- Starting Application on DESKTOP-GG6D0SA with PID 5852 (F:\software\eclipse\workspace\workspace-scriptweb\scriptweb\target\classes started by shuju in F:\software\eclipse\workspace\workspace-scriptweb\scriptweb)
2018-10-08 23:49:58,406 DEBUG (StartupInfoLogger.java:51)- Running with Spring Boot v1.5.4.RELEASE, Spring v4.3.9.RELEASE
2018-10-08 23:49:58,406 INFO (SpringApplication.java:593)- No active profile set, falling back to default profiles: default
2018-10-08 23:50:00,465 INFO (StartupInfoLogger.java:57)- Started Application in 2.152 seconds (JVM running for 58.076)
2018-10-08 23:50:33,955 INFO (StartupInfoLogger.java:48)- Starting Application on DESKTOP-GG6D0SA with PID 5852 (F:\software\eclipse\workspace\workspace-scriptweb\scriptweb\target\classes started by shuju in F:\software\eclipse\workspace\workspace-scriptweb\scriptweb)
2018-10-08 23:50:33,955 DEBUG (StartupInfoLogger.java:51)- Running with Spring Boot v1.5.4.RELEASE, Spring v4.3.9.RELEASE
2018-10-08 23:50:33,956 INFO (SpringApplication.java:593)- No active profile set, falling back to default profiles: default
2018-10-08 23:50:36,048 INFO (StartupInfoLogger.java:57)- Started Application in 2.17 seconds (JVM running for 93.66)
2018-10-08 23:51:31,851 INFO (StartupInfoLogger.java:48)- Starting Application on DESKTOP-GG6D0SA with PID 5852 (F:\software\eclipse\workspace\workspace-scriptweb\scriptweb\target\classes started by shuju in F:\software\eclipse\workspace\workspace-scriptweb\scriptweb)
2018-10-08 23:51:31,851 DEBUG (StartupInfoLogger.java:51)- Running with Spring Boot v1.5.4.RELEASE, Spring v4.3.9.RELEASE
2018-10-08 23:51:31,851 INFO (SpringApplication.java:593)- No active profile set, falling back to default profiles: default
2018-10-08 23:51:33,736 INFO (StartupInfoLogger.java:57)- Started Application in 1.957 seconds (JVM running for 151.348)
2018-10-08 23:52:04,081 INFO (StartupInfoLogger.java:48)- Starting Application on DESKTOP-GG6D0SA with PID 5852 (F:\software\eclipse\workspace\workspace-scriptweb\scriptweb\target\classes started by shuju in F:\software\eclipse\workspace\workspace-scriptweb\scriptweb)
2018-10-08 23:52:04,081 DEBUG (StartupInfoLogger.java:51)- Running with Spring Boot v1.5.4.RELEASE, Spring v4.3.9.RELEASE
2018-10-08 23:52:04,082 INFO (SpringApplication.java:593)- No active profile set, falling back to default profiles: default
2018-10-08 23:52:06,048 INFO (StartupInfoLogger.java:57)- Started Application in 2.056 seconds (JVM running for 183.659)
2018-10-08 23:52:27,785 INFO (StartupInfoLogger.java:48)- Starting Application on DESKTOP-GG6D0SA with PID 5852 (F:\software\eclipse\workspace\workspace-scriptweb\scriptweb\target\classes started by shuju in F:\software\eclipse\workspace\workspace-scriptweb\scriptweb)
2018-10-08 23:52:27,786 DEBUG (StartupInfoLogger.java:51)- Running with Spring Boot v1.5.4.RELEASE, Spring v4.3.9.RELEASE
2018-10-08 23:52:27,786 INFO (SpringApplication.java:593)- No active profile set, falling back to default profiles: default
2018-10-08 23:52:29,658 INFO (StartupInfoLogger.java:57)- Started Application in 1.938 seconds (JVM running for 207.269)
2018-10-08 23:52:39,748 INFO (StartupInfoLogger.java:48)- Starting Application on DESKTOP-GG6D0SA with PID 5852 (F:\software\eclipse\workspace\workspace-scriptweb\scriptweb\target\classes started by shuju in F:\software\eclipse\workspace\workspace-scriptweb\scriptweb)
2018-10-08 23:52:39,748 DEBUG (StartupInfoLogger.java:51)- Running with Spring Boot v1.5.4.RELEASE, Spring v4.3.9.RELEASE
2018-10-08 23:52:39,748 INFO (SpringApplication.java:593)- No active profile set, falling back to default profiles: default
2018-10-08 23:52:41,567 INFO (StartupInfoLogger.java:57)- Started Application in 1.882 seconds (JVM running for 219.178)
2018-10-08 23:53:55,269 INFO (StartupInfoLogger.java:48)- Starting Application on DESKTOP-GG6D0SA with PID 5852 (F:\software\eclipse\workspace\workspace-scriptweb\scriptweb\target\classes started by shuju in F:\software\eclipse\workspace\workspace-scriptweb\scriptweb)
2018-10-08 23:53:55,269 DEBUG (StartupInfoLogger.java:51)- Running with Spring Boot v1.5.4.RELEASE, Spring v4.3.9.RELEASE
2018-10-08 23:53:55,269 INFO (SpringApplication.java:593)- No active profile set, falling back to default profiles: default
2018-10-08 23:53:57,065 INFO (StartupInfoLogger.java:57)- Started Application in 1.861 seconds (JVM running for 294.677)
2018-10-08 23:54:17,836 INFO (StartupInfoLogger.java:48)- Starting Application on DESKTOP-GG6D0SA with PID 5852 (F:\software\eclipse\workspace\workspace-scriptweb\scriptweb\target\classes started by shuju in F:\software\eclipse\workspace\workspace-scriptweb\scriptweb)
2018-10-08 23:54:17,836 DEBUG (StartupInfoLogger.java:51)- Running with Spring Boot v1.5.4.RELEASE, Spring v4.3.9.RELEASE
2018-10-08 23:54:17,837 INFO (SpringApplication.java:593)- No active profile set, falling back to default profiles: default
2018-10-08 23:54:19,597 INFO (StartupInfoLogger.java:57)- Started Application in 1.836 seconds (JVM running for 317.209)
2018-10-08 23:54:27,523 INFO (StartupInfoLogger.java:48)- Starting Application on DESKTOP-GG6D0SA with PID 5852 (F:\software\eclipse\workspace\workspace-scriptweb\scriptweb\target\classes started by shuju in F:\software\eclipse\workspace\workspace-scriptweb\scriptweb)
2018-10-08 23:54:27,524 DEBUG (StartupInfoLogger.java:51)- Running with Spring Boot v1.5.4.RELEASE, Spring v4.3.9.RELEASE
2018-10-08 23:54:27,524 INFO (SpringApplication.java:593)- No active profile set, falling back to default profiles: default
2018-10-08 23:54:29,311 INFO (StartupInfoLogger.java:57)- Started Application in 1.85 seconds (JVM running for 326.922)
2018-10-08 23:55:19,923 INFO (StartupInfoLogger.java:48)- Starting Application on DESKTOP-GG6D0SA with PID 5852 (F:\software\eclipse\workspace\workspace-scriptweb\scriptweb\target\classes started by shuju in F:\software\eclipse\workspace\workspace-scriptweb\scriptweb)
2018-10-08 23:55:19,923 DEBUG (StartupInfoLogger.java:51)- Running with Spring Boot v1.5.4.RELEASE, Spring v4.3.9.RELEASE
2018-10-08 23:55:19,924 INFO (SpringApplication.java:593)- No active profile set, falling back to default profiles: default
2018-10-08 23:55:21,706 INFO (StartupInfoLogger.java:57)- Started Application in 1.857 seconds (JVM running for 379.317)
2018-10-08 23:55:57,446 INFO (StartupInfoLogger.java:48)- Starting Application on DESKTOP-GG6D0SA with PID 5852 (F:\software\eclipse\workspace\workspace-scriptweb\scriptweb\target\classes started by shuju in F:\software\eclipse\workspace\workspace-scriptweb\scriptweb)
2018-10-08 23:55:57,447 DEBUG (StartupInfoLogger.java:51)- Running with Spring Boot v1.5.4.RELEASE, Spring v4.3.9.RELEASE
2018-10-08 23:55:57,447 INFO (SpringApplication.java:593)- No active profile set, falling back to default profiles: default
2018-10-08 23:55:59,315 INFO (StartupInfoLogger.java:57)- Started Application in 1.939 seconds (JVM running for 416.926)
2018-10-08 23:56:14,291 INFO (StartupInfoLogger.java:48)- Starting Application on DESKTOP-GG6D0SA with PID 5852 (F:\software\eclipse\workspace\workspace-scriptweb\scriptweb\target\classes started by shuju in F:\software\eclipse\workspace\workspace-scriptweb\scriptweb)
2018-10-08 23:56:14,291 DEBUG (StartupInfoLogger.java:51)- Running with Spring Boot v1.5.4.RELEASE, Spring v4.3.9.RELEASE
2018-10-08 23:56:14,292 INFO (SpringApplication.java:593)- No active profile set, falling back to default profiles: default
2018-10-08 23:56:16,226 INFO (StartupInfoLogger.java:57)- Started Application in 2.004 seconds (JVM running for 433.837)
2018-10-08 23:56:20,336 INFO (StartupInfoLogger.java:48)- Starting Application on DESKTOP-GG6D0SA with PID 5852 (F:\software\eclipse\workspace\workspace-scriptweb\scriptweb\target\classes started by shuju in F:\software\eclipse\workspace\workspace-scriptweb\scriptweb)
2018-10-08 23:56:20,336 DEBUG (StartupInfoLogger.java:51)- Running with Spring Boot v1.5.4.RELEASE, Spring v4.3.9.RELEASE
2018-10-08 23:56:20,336 INFO (SpringApplication.java:593)- No active profile set, falling back to default profiles: default
2018-10-08 23:56:22,209 INFO (StartupInfoLogger.java:57)- Started Application in 1.95 seconds (JVM running for 439.821)
2018-10-08 23:57:24,398 INFO (StartupInfoLogger.java:48)- Starting Application on DESKTOP-GG6D0SA with PID 5852 (F:\software\eclipse\workspace\workspace-scriptweb\scriptweb\target\classes started by shuju in F:\software\eclipse\workspace\workspace-scriptweb\scriptweb)
2018-10-08 23:57:24,398 DEBUG (StartupInfoLogger.java:51)- Running with Spring Boot v1.5.4.RELEASE, Spring v4.3.9.RELEASE
2018-10-08 23:57:24,398 INFO (SpringApplication.java:593)- No active profile set, falling back to default profiles: default
2018-10-08 23:57:27,344 INFO (StartupInfoLogger.java:57)- Started Application in 3.036 seconds (JVM running for 504.956)
2018-10-08 23:57:39,954 INFO (StartupInfoLogger.java:48)- Starting Application on DESKTOP-GG6D0SA with PID 5852 (F:\software\eclipse\workspace\workspace-scriptweb\scriptweb\target\classes started by shuju in F:\software\eclipse\workspace\workspace-scriptweb\scriptweb)
2018-10-08 23:57:39,954 DEBUG (StartupInfoLogger.java:51)- Running with Spring Boot v1.5.4.RELEASE, Spring v4.3.9.RELEASE
2018-10-08 23:57:39,954 INFO (SpringApplication.java:593)- No active profile set, falling back to default profiles: default
2018-10-08 23:57:41,830 INFO (StartupInfoLogger.java:57)- Started Application in 1.953 seconds (JVM running for 519.442)
2018-10-08 23:58:39,970 INFO (StartupInfoLogger.java:48)- Starting Application on DESKTOP-GG6D0SA with PID 5852 (F:\software\eclipse\workspace\workspace-scriptweb\scriptweb\target\classes started by shuju in F:\software\eclipse\workspace\workspace-scriptweb\scriptweb)
2018-10-08 23:58:39,971 DEBUG (StartupInfoLogger.java:51)- Running with Spring Boot v1.5.4.RELEASE, Spring v4.3.9.RELEASE
2018-10-08 23:58:39,971 INFO (SpringApplication.java:593)- No active profile set, falling back to default profiles: default
2018-10-08 23:58:41,884 INFO (StartupInfoLogger.java:57)- Started Application in 1.986 seconds (JVM running for 579.495)
2018-10-08 23:59:37,864 INFO (StartupInfoLogger.java:48)- Starting Application on DESKTOP-GG6D0SA with PID 5852 (F:\software\eclipse\workspace\workspace-scriptweb\scriptweb\target\classes started by shuju in F:\software\eclipse\workspace\workspace-scriptweb\scriptweb)
2018-10-08 23:59:37,865 DEBUG (StartupInfoLogger.java:51)- Running with Spring Boot v1.5.4.RELEASE, Spring v4.3.9.RELEASE
2018-10-08 23:59:37,865 INFO (SpringApplication.java:593)- No active profile set, falling back to default profiles: default
2018-10-08 23:59:39,658 INFO (StartupInfoLogger.java:57)- Started Application in 1.861 seconds (JVM running for 637.269)
2018-10-09 00:00:24,700 INFO (StartupInfoLogger.java:48)- Starting Application on DESKTOP-GG6D0SA with PID 5852 (F:\software\eclipse\workspace\workspace-scriptweb\scriptweb\target\classes started by shuju in F:\software\eclipse\workspace\workspace-scriptweb\scriptweb)
2018-10-09 00:00:24,701 DEBUG (StartupInfoLogger.java:51)- Running with Spring Boot v1.5.4.RELEASE, Spring v4.3.9.RELEASE
2018-10-09 00:00:24,702 INFO (SpringApplication.java:593)- No active profile set, falling back to default profiles: default
2018-10-09 00:00:26,982 INFO (StartupInfoLogger.java:57)- Started Application in 2.347 seconds (JVM running for 684.594)
2018-10-09 00:00:54,736 INFO (StartupInfoLogger.java:48)- Starting Application on DESKTOP-GG6D0SA with PID 5852 (F:\software\eclipse\workspace\workspace-scriptweb\scriptweb\target\classes started by shuju in F:\software\eclipse\workspace\workspace-scriptweb\scriptweb)
2018-10-09 00:00:54,737 DEBUG (StartupInfoLogger.java:51)- Running with Spring Boot v1.5.4.RELEASE, Spring v4.3.9.RELEASE
2018-10-09 00:00:54,737 INFO (SpringApplication.java:593)- No active profile set, falling back to default profiles: default
2018-10-09 00:00:56,525 INFO (StartupInfoLogger.java:57)- Started Application in 1.852 seconds (JVM running for 714.136)
2018-10-09 00:29:06,339 INFO (StartupInfoLogger.java:48)- Starting Application on DESKTOP-GG6D0SA with PID 14364 (F:\software\eclipse\workspace\workspace-scriptweb\scriptweb\target\classes started by shuju in F:\software\eclipse\workspace\workspace-scriptweb\scriptweb)
2018-10-09 00:29:06,342 DEBUG (StartupInfoLogger.java:51)- Running with Spring Boot v1.5.4.RELEASE, Spring v4.3.9.RELEASE
2018-10-09 00:29:06,343 INFO (SpringApplication.java:593)- No active profile set, falling back to default profiles: default
2018-10-09 00:29:12,910 INFO (StartupInfoLogger.java:57)- Started Application in 7.047 seconds (JVM running for 8.374)
2018-10-09 00:29:32,882 INFO (StartupInfoLogger.java:48)- Starting Application on DESKTOP-GG6D0SA with PID 14364 (F:\software\eclipse\workspace\workspace-scriptweb\scriptweb\target\classes started by shuju in F:\software\eclipse\workspace\workspace-scriptweb\scriptweb)
2018-10-09 00:29:32,882 DEBUG (StartupInfoLogger.java:51)- Running with Spring Boot v1.5.4.RELEASE, Spring v4.3.9.RELEASE
2018-10-09 00:29:32,883 INFO (SpringApplication.java:593)- No active profile set, falling back to default profiles: default
2018-10-09 00:29:35,531 INFO (StartupInfoLogger.java:57)- Started Application in 2.811 seconds (JVM running for 30.994)
2018-10-09 00:29:50,950 INFO (StartupInfoLogger.java:48)- Starting Application on DESKTOP-GG6D0SA with PID 14364 (F:\software\eclipse\workspace\workspace-scriptweb\scriptweb\target\classes started by shuju in F:\software\eclipse\workspace\workspace-scriptweb\scriptweb)
2018-10-09 00:29:50,951 DEBUG (StartupInfoLogger.java:51)- Running with Spring Boot v1.5.4.RELEASE, Spring v4.3.9.RELEASE
2018-10-09 00:29:50,951 INFO (SpringApplication.java:593)- No active profile set, falling back to default profiles: default
2018-10-09 00:29:52,911 INFO (StartupInfoLogger.java:57)- Started Application in 2.056 seconds (JVM running for 48.375)
2018-10-09 00:30:00,987 INFO (StartupInfoLogger.java:48)- Starting Application on DESKTOP-GG6D0SA with PID 14364 (F:\software\eclipse\workspace\workspace-scriptweb\scriptweb\target\classes started by shuju in F:\software\eclipse\workspace\workspace-scriptweb\scriptweb)
2018-10-09 00:30:00,988 DEBUG (StartupInfoLogger.java:51)- Running with Spring Boot v1.5.4.RELEASE, Spring v4.3.9.RELEASE
2018-10-09 00:30:00,988 INFO (SpringApplication.java:593)- No active profile set, falling back to default profiles: default
2018-10-09 00:57:25,416 INFO (StartupInfoLogger.java:48)- Starting Application on DESKTOP-GG6D0SA with PID 16236 (F:\software\eclipse\workspace\workspace-scriptweb\scriptweb\target\classes started by shuju in F:\software\eclipse\workspace\workspace-scriptweb\scriptweb)
2018-10-09 00:57:25,420 DEBUG (StartupInfoLogger.java:51)- Running with Spring Boot v1.5.4.RELEASE, Spring v4.3.9.RELEASE
2018-10-09 00:57:25,421 INFO (SpringApplication.java:593)- No active profile set, falling back to default profiles: default
2018-10-09 00:57:33,398 INFO (StartupInfoLogger.java:57)- Started Application in 8.518 seconds (JVM running for 9.853)
2018-10-09 00:57:43,292 INFO (StartupInfoLogger.java:48)- Starting Application on DESKTOP-GG6D0SA with PID 16236 (F:\software\eclipse\workspace\workspace-scriptweb\scriptweb\target\classes started by shuju in F:\software\eclipse\workspace\workspace-scriptweb\scriptweb)
2018-10-09 00:57:43,293 DEBUG (StartupInfoLogger.java:51)- Running with Spring Boot v1.5.4.RELEASE, Spring v4.3.9.RELEASE
2018-10-09 00:57:43,293 INFO (SpringApplication.java:593)- No active profile set, falling back to default profiles: default
2018-10-09 00:57:46,151 INFO (StartupInfoLogger.java:57)- Started Application in 2.98 seconds (JVM running for 22.607)
2018-10-09 00:58:31,045 INFO (StartupInfoLogger.java:48)- Starting Application on DESKTOP-GG6D0SA with PID 16236 (F:\software\eclipse\workspace\workspace-scriptweb\scriptweb\target\classes started by shuju in F:\software\eclipse\workspace\workspace-scriptweb\scriptweb)
2018-10-09 00:58:31,045 DEBUG (StartupInfoLogger.java:51)- Running with Spring Boot v1.5.4.RELEASE, Spring v4.3.9.RELEASE
2018-10-09 00:58:31,045 INFO (SpringApplication.java:593)- No active profile set, falling back to default profiles: default
2018-10-09 00:58:33,352 INFO (StartupInfoLogger.java:57)- Started Application in 2.442 seconds (JVM running for 69.807)
2018-10-09 00:58:34,954 INFO (StartupInfoLogger.java:48)- Starting Application on DESKTOP-GG6D0SA with PID 16236 (F:\software\eclipse\workspace\workspace-scriptweb\scriptweb\target\classes started by shuju in F:\software\eclipse\workspace\workspace-scriptweb\scriptweb)
2018-10-09 00:58:34,954 DEBUG (StartupInfoLogger.java:51)- Running with Spring Boot v1.5.4.RELEASE, Spring v4.3.9.RELEASE
2018-10-09 00:58:34,955 INFO (SpringApplication.java:593)- No active profile set, falling back to default profiles: default
2018-10-09 00:58:37,283 INFO (StartupInfoLogger.java:57)- Started Application in 2.423 seconds (JVM running for 73.738)
2018-10-09 00:59:18,143 INFO (StartupInfoLogger.java:48)- Starting Application on DESKTOP-GG6D0SA with PID 16236 (F:\software\eclipse\workspace\workspace-scriptweb\scriptweb\target\classes started by shuju in F:\software\eclipse\workspace\workspace-scriptweb\scriptweb)
2018-10-09 00:59:18,144 DEBUG (StartupInfoLogger.java:51)- Running with Spring Boot v1.5.4.RELEASE, Spring v4.3.9.RELEASE
2018-10-09 00:59:18,144 INFO (SpringApplication.java:593)- No active profile set, falling back to default profiles: default
2018-10-09 00:59:20,482 INFO (StartupInfoLogger.java:57)- Started Application in 2.405 seconds (JVM running for 116.937)
2018-10-09 00:59:57,364 INFO (StartupInfoLogger.java:48)- Starting Application on DESKTOP-GG6D0SA with PID 16236 (F:\software\eclipse\workspace\workspace-scriptweb\scriptweb\target\classes started by shuju in F:\software\eclipse\workspace\workspace-scriptweb\scriptweb)
2018-10-09 00:59:57,365 DEBUG (StartupInfoLogger.java:51)- Running with Spring Boot v1.5.4.RELEASE, Spring v4.3.9.RELEASE
2018-10-09 00:59:57,365 INFO (SpringApplication.java:593)- No active profile set, falling back to default profiles: default
2018-10-09 00:59:59,523 INFO (StartupInfoLogger.java:57)- Started Application in 2.241 seconds (JVM running for 155.978)
2018-10-09 01:00:42,421 INFO (StartupInfoLogger.java:48)- Starting Application on DESKTOP-GG6D0SA with PID 16236 (F:\software\eclipse\workspace\workspace-scriptweb\scriptweb\target\classes started by shuju in F:\software\eclipse\workspace\workspace-scriptweb\scriptweb)
2018-10-09 01:00:42,421 DEBUG (StartupInfoLogger.java:51)- Running with Spring Boot v1.5.4.RELEASE, Spring v4.3.9.RELEASE
2018-10-09 01:00:42,421 INFO (SpringApplication.java:593)- No active profile set, falling back to default profiles: default
2018-10-09 01:00:44,384 INFO (StartupInfoLogger.java:57)- Started Application in 2.038 seconds (JVM running for 200.839)
2018-10-09 01:01:01,050 INFO (StartupInfoLogger.java:48)- Starting Application on DESKTOP-GG6D0SA with PID 16236 (F:\software\eclipse\workspace\workspace-scriptweb\scriptweb\target\classes started by shuju in F:\software\eclipse\workspace\workspace-scriptweb\scriptweb)
2018-10-09 01:01:01,050 DEBUG (StartupInfoLogger.java:51)- Running with Spring Boot v1.5.4.RELEASE, Spring v4.3.9.RELEASE
2018-10-09 01:01:01,051 INFO (SpringApplication.java:593)- No active profile set, falling back to default profiles: default
2018-10-09 01:01:03,289 INFO (StartupInfoLogger.java:57)- Started Application in 2.335 seconds (JVM running for 219.744)
2018-10-09 01:01:25,040 INFO (StartupInfoLogger.java:48)- Starting Application on DESKTOP-GG6D0SA with PID 16236 (F:\software\eclipse\workspace\workspace-scriptweb\scriptweb\target\classes started by shuju in F:\software\eclipse\workspace\workspace-scriptweb\scriptweb)
2018-10-09 01:01:25,041 DEBUG (StartupInfoLogger.java:51)- Running with Spring Boot v1.5.4.RELEASE, Spring v4.3.9.RELEASE
2018-10-09 01:01:25,042 INFO (SpringApplication.java:593)- No active profile set, falling back to default profiles: default
2018-10-09 01:01:27,228 INFO (StartupInfoLogger.java:57)- Started Application in 2.277 seconds (JVM running for 243.683)
