2018-09-20 00:00:02,389 INFO (StartupInfoLogger.java:57)- Started Application in 7.86 seconds (JVM running for 8.833)
2018-09-20 00:00:25,022 INFO (StartupInfoLogger.java:48)- Starting Application on DESKTOP-GG6D0SA with PID 13536 (F:\software\eclipse\workspace\workspace-scriptweb\scriptweb\target\classes started by shuju in F:\software\eclipse\workspace\workspace-scriptweb\scriptweb)
2018-09-20 00:00:25,023 DEBUG (StartupInfoLogger.java:51)- Running with Spring Boot v1.5.4.RELEASE, Spring v4.3.9.RELEASE
2018-09-20 00:00:25,024 INFO (SpringApplication.java:593)- No active profile set, falling back to default profiles: default
2018-09-20 00:00:31,735 INFO (StartupInfoLogger.java:57)- Started Application in 7.187 seconds (JVM running for 8.13)
2018-09-20 00:01:53,016 INFO (StartupInfoLogger.java:48)- Starting Application on DESKTOP-GG6D0SA with PID 13536 (F:\software\eclipse\workspace\workspace-scriptweb\scriptweb\target\classes started by shuju in F:\software\eclipse\workspace\workspace-scriptweb\scriptweb)
2018-09-20 00:01:53,017 DEBUG (StartupInfoLogger.java:51)- Running with Spring Boot v1.5.4.RELEASE, Spring v4.3.9.RELEASE
2018-09-20 00:01:53,017 INFO (SpringApplication.java:593)- No active profile set, falling back to default profiles: default
2018-09-20 00:02:05,873 INFO (StartupInfoLogger.java:48)- Starting Application on DESKTOP-GG6D0SA with PID 13536 (F:\software\eclipse\workspace\workspace-scriptweb\scriptweb\target\classes started by shuju in F:\software\eclipse\workspace\workspace-scriptweb\scriptweb)
2018-09-20 00:02:05,874 DEBUG (StartupInfoLogger.java:51)- Running with Spring Boot v1.5.4.RELEASE, Spring v4.3.9.RELEASE
2018-09-20 00:02:05,874 INFO (SpringApplication.java:593)- No active profile set, falling back to default profiles: default
2018-09-20 00:02:09,663 INFO (StartupInfoLogger.java:57)- Started Application in 3.867 seconds (JVM running for 106.058)
2018-09-20 00:02:28,168 INFO (StartupInfoLogger.java:48)- Starting Application on DESKTOP-GG6D0SA with PID 8716 (F:\software\eclipse\workspace\workspace-scriptweb\scriptweb\target\classes started by shuju in F:\software\eclipse\workspace\workspace-scriptweb\scriptweb)
2018-09-20 00:02:28,169 DEBUG (StartupInfoLogger.java:51)- Running with Spring Boot v1.5.4.RELEASE, Spring v4.3.9.RELEASE
2018-09-20 00:02:28,170 INFO (SpringApplication.java:593)- No active profile set, falling back to default profiles: default
2018-09-20 00:02:34,713 INFO (StartupInfoLogger.java:57)- Started Application in 6.977 seconds (JVM running for 7.93)
2018-09-20 00:04:11,441 INFO (StartupInfoLogger.java:48)- Starting Application on DESKTOP-GG6D0SA with PID 8716 (F:\software\eclipse\workspace\workspace-scriptweb\scriptweb\target\classes started by shuju in F:\software\eclipse\workspace\workspace-scriptweb\scriptweb)
2018-09-20 00:04:11,444 DEBUG (StartupInfoLogger.java:51)- Running with Spring Boot v1.5.4.RELEASE, Spring v4.3.9.RELEASE
2018-09-20 00:04:11,445 INFO (SpringApplication.java:593)- No active profile set, falling back to default profiles: default
2018-09-20 00:04:14,017 INFO (StartupInfoLogger.java:57)- Started Application in 2.737 seconds (JVM running for 107.233)
2018-09-20 00:04:27,337 INFO (StartupInfoLogger.java:48)- Starting Application on DESKTOP-GG6D0SA with PID 8716 (F:\software\eclipse\workspace\workspace-scriptweb\scriptweb\target\classes started by shuju in F:\software\eclipse\workspace\workspace-scriptweb\scriptweb)
2018-09-20 00:04:27,338 DEBUG (StartupInfoLogger.java:51)- Running with Spring Boot v1.5.4.RELEASE, Spring v4.3.9.RELEASE
2018-09-20 00:04:27,338 INFO (SpringApplication.java:593)- No active profile set, falling back to default profiles: default
2018-09-20 00:04:29,890 INFO (StartupInfoLogger.java:57)- Started Application in 2.615 seconds (JVM running for 123.106)
2018-09-20 00:05:43,068 INFO (StartupInfoLogger.java:48)- Starting Application on DESKTOP-GG6D0SA with PID 9680 (F:\software\eclipse\workspace\workspace-scriptweb\scriptweb\target\classes started by shuju in F:\software\eclipse\workspace\workspace-scriptweb\scriptweb)
2018-09-20 00:05:43,070 DEBUG (StartupInfoLogger.java:51)- Running with Spring Boot v1.5.4.RELEASE, Spring v4.3.9.RELEASE
2018-09-20 00:05:43,070 INFO (SpringApplication.java:593)- No active profile set, falling back to default profiles: default
2018-09-20 00:05:49,512 INFO (StartupInfoLogger.java:57)- Started Application in 6.956 seconds (JVM running for 7.95)
2018-09-20 00:13:29,191 INFO (StartupInfoLogger.java:48)- Starting Application on DESKTOP-GG6D0SA with PID 9680 (F:\software\eclipse\workspace\workspace-scriptweb\scriptweb\target\classes started by shuju in F:\software\eclipse\workspace\workspace-scriptweb\scriptweb)
2018-09-20 00:13:29,192 DEBUG (StartupInfoLogger.java:51)- Running with Spring Boot v1.5.4.RELEASE, Spring v4.3.9.RELEASE
2018-09-20 00:13:29,193 INFO (SpringApplication.java:593)- No active profile set, falling back to default profiles: default
2018-09-20 00:13:32,176 INFO (StartupInfoLogger.java:57)- Started Application in 3.103 seconds (JVM running for 470.614)
2018-09-20 00:14:54,004 INFO (StartupInfoLogger.java:48)- Starting Application on DESKTOP-GG6D0SA with PID 9680 (F:\software\eclipse\workspace\workspace-scriptweb\scriptweb\target\classes started by shuju in F:\software\eclipse\workspace\workspace-scriptweb\scriptweb)
2018-09-20 00:14:54,004 DEBUG (StartupInfoLogger.java:51)- Running with Spring Boot v1.5.4.RELEASE, Spring v4.3.9.RELEASE
2018-09-20 00:14:54,006 INFO (SpringApplication.java:593)- No active profile set, falling back to default profiles: default
2018-09-20 00:14:56,594 INFO (StartupInfoLogger.java:57)- Started Application in 2.663 seconds (JVM running for 555.032)
2018-09-20 00:15:04,174 INFO (StartupInfoLogger.java:48)- Starting Application on DESKTOP-GG6D0SA with PID 9680 (F:\software\eclipse\workspace\workspace-scriptweb\scriptweb\target\classes started by shuju in F:\software\eclipse\workspace\workspace-scriptweb\scriptweb)
2018-09-20 00:15:04,174 DEBUG (StartupInfoLogger.java:51)- Running with Spring Boot v1.5.4.RELEASE, Spring v4.3.9.RELEASE
2018-09-20 00:15:04,174 INFO (SpringApplication.java:593)- No active profile set, falling back to default profiles: default
2018-09-20 00:15:07,048 INFO (StartupInfoLogger.java:57)- Started Application in 2.927 seconds (JVM running for 565.486)
2018-09-20 00:16:01,251 INFO (StartupInfoLogger.java:48)- Starting Application on DESKTOP-GG6D0SA with PID 9680 (F:\software\eclipse\workspace\workspace-scriptweb\scriptweb\target\classes started by shuju in F:\software\eclipse\workspace\workspace-scriptweb\scriptweb)
2018-09-20 00:16:01,252 DEBUG (StartupInfoLogger.java:51)- Running with Spring Boot v1.5.4.RELEASE, Spring v4.3.9.RELEASE
2018-09-20 00:16:01,252 INFO (SpringApplication.java:593)- No active profile set, falling back to default profiles: default
2018-09-20 00:16:03,649 INFO (StartupInfoLogger.java:57)- Started Application in 2.473 seconds (JVM running for 622.087)
2018-09-20 00:16:43,605 INFO (StartupInfoLogger.java:48)- Starting Application on DESKTOP-GG6D0SA with PID 9680 (F:\software\eclipse\workspace\workspace-scriptweb\scriptweb\target\classes started by shuju in F:\software\eclipse\workspace\workspace-scriptweb\scriptweb)
2018-09-20 00:16:43,605 DEBUG (StartupInfoLogger.java:51)- Running with Spring Boot v1.5.4.RELEASE, Spring v4.3.9.RELEASE
2018-09-20 00:16:43,605 INFO (SpringApplication.java:593)- No active profile set, falling back to default profiles: default
2018-09-20 00:16:45,958 INFO (StartupInfoLogger.java:57)- Started Application in 2.412 seconds (JVM running for 664.396)
2018-09-20 00:17:18,370 INFO (StartupInfoLogger.java:48)- Starting Application on DESKTOP-GG6D0SA with PID 9680 (F:\software\eclipse\workspace\workspace-scriptweb\scriptweb\target\classes started by shuju in F:\software\eclipse\workspace\workspace-scriptweb\scriptweb)
2018-09-20 00:17:18,370 DEBUG (StartupInfoLogger.java:51)- Running with Spring Boot v1.5.4.RELEASE, Spring v4.3.9.RELEASE
2018-09-20 00:17:18,370 INFO (SpringApplication.java:593)- No active profile set, falling back to default profiles: default
2018-09-20 00:17:21,451 INFO (StartupInfoLogger.java:57)- Started Application in 3.15 seconds (JVM running for 699.889)
2018-09-20 00:17:37,120 INFO (StartupInfoLogger.java:48)- Starting Application on DESKTOP-GG6D0SA with PID 9680 (F:\software\eclipse\workspace\workspace-scriptweb\scriptweb\target\classes started by shuju in F:\software\eclipse\workspace\workspace-scriptweb\scriptweb)
2018-09-20 00:17:37,120 DEBUG (StartupInfoLogger.java:51)- Running with Spring Boot v1.5.4.RELEASE, Spring v4.3.9.RELEASE
2018-09-20 00:17:37,121 INFO (SpringApplication.java:593)- No active profile set, falling back to default profiles: default
2018-09-20 00:17:39,635 INFO (StartupInfoLogger.java:57)- Started Application in 2.607 seconds (JVM running for 718.073)
2018-09-20 00:18:25,227 INFO (StartupInfoLogger.java:48)- Starting Application on DESKTOP-GG6D0SA with PID 9680 (F:\software\eclipse\workspace\workspace-scriptweb\scriptweb\target\classes started by shuju in F:\software\eclipse\workspace\workspace-scriptweb\scriptweb)
2018-09-20 00:18:25,228 DEBUG (StartupInfoLogger.java:51)- Running with Spring Boot v1.5.4.RELEASE, Spring v4.3.9.RELEASE
2018-09-20 00:18:25,228 INFO (SpringApplication.java:593)- No active profile set, falling back to default profiles: default
2018-09-20 00:18:27,796 INFO (StartupInfoLogger.java:57)- Started Application in 2.636 seconds (JVM running for 766.234)
2018-09-20 00:18:52,337 INFO (StartupInfoLogger.java:48)- Starting Application on DESKTOP-GG6D0SA with PID 9680 (F:\software\eclipse\workspace\workspace-scriptweb\scriptweb\target\classes started by shuju in F:\software\eclipse\workspace\workspace-scriptweb\scriptweb)
2018-09-20 00:18:52,338 DEBUG (StartupInfoLogger.java:51)- Running with Spring Boot v1.5.4.RELEASE, Spring v4.3.9.RELEASE
2018-09-20 00:18:52,338 INFO (SpringApplication.java:593)- No active profile set, falling back to default profiles: default
2018-09-20 00:18:54,691 INFO (StartupInfoLogger.java:57)- Started Application in 2.417 seconds (JVM running for 793.129)
2018-09-20 00:37:47,811 INFO (StartupInfoLogger.java:48)- Starting Application on DESKTOP-GG6D0SA with PID 5848 (F:\software\eclipse\workspace\workspace-scriptweb\scriptweb\target\classes started by shuju in F:\software\eclipse\workspace\workspace-scriptweb\scriptweb)
2018-09-20 00:37:47,812 DEBUG (StartupInfoLogger.java:51)- Running with Spring Boot v1.5.4.RELEASE, Spring v4.3.9.RELEASE
2018-09-20 00:37:47,813 INFO (SpringApplication.java:593)- No active profile set, falling back to default profiles: default
2018-09-20 00:37:54,329 INFO (StartupInfoLogger.java:57)- Started Application in 6.953 seconds (JVM running for 7.942)
2018-09-20 00:39:52,258 INFO (StartupInfoLogger.java:48)- Starting Application on DESKTOP-GG6D0SA with PID 5848 (F:\software\eclipse\workspace\workspace-scriptweb\scriptweb\target\classes started by shuju in F:\software\eclipse\workspace\workspace-scriptweb\scriptweb)
2018-09-20 00:39:52,259 DEBUG (StartupInfoLogger.java:51)- Running with Spring Boot v1.5.4.RELEASE, Spring v4.3.9.RELEASE
2018-09-20 00:39:52,259 INFO (SpringApplication.java:593)- No active profile set, falling back to default profiles: default
2018-09-20 00:39:54,904 INFO (StartupInfoLogger.java:57)- Started Application in 2.715 seconds (JVM running for 128.517)
2018-09-20 00:40:15,520 INFO (StartupInfoLogger.java:48)- Starting Application on DESKTOP-GG6D0SA with PID 5848 (F:\software\eclipse\workspace\workspace-scriptweb\scriptweb\target\classes started by shuju in F:\software\eclipse\workspace\workspace-scriptweb\scriptweb)
2018-09-20 00:40:15,521 DEBUG (StartupInfoLogger.java:51)- Running with Spring Boot v1.5.4.RELEASE, Spring v4.3.9.RELEASE
2018-09-20 00:40:15,521 INFO (SpringApplication.java:593)- No active profile set, falling back to default profiles: default
2018-09-20 00:40:18,269 INFO (StartupInfoLogger.java:57)- Started Application in 2.815 seconds (JVM running for 151.882)
2018-09-20 00:48:06,932 INFO (StartupInfoLogger.java:48)- Starting Application on DESKTOP-GG6D0SA with PID 16068 (F:\software\eclipse\workspace\workspace-scriptweb\scriptweb\target\classes started by shuju in F:\software\eclipse\workspace\workspace-scriptweb\scriptweb)
2018-09-20 00:48:06,934 DEBUG (StartupInfoLogger.java:51)- Running with Spring Boot v1.5.4.RELEASE, Spring v4.3.9.RELEASE
2018-09-20 00:48:06,935 INFO (SpringApplication.java:593)- No active profile set, falling back to default profiles: default
2018-09-20 00:48:13,430 INFO (StartupInfoLogger.java:57)- Started Application in 6.957 seconds (JVM running for 7.826)
2018-09-20 00:49:22,117 DEBUG (BaseJdbcLogger.java:159)- ==>  Preparing: SELECT count(0) FROM script_info 
2018-09-20 00:49:22,149 DEBUG (BaseJdbcLogger.java:159)- ==> Parameters: 
2018-09-20 00:49:22,178 DEBUG (BaseJdbcLogger.java:159)- <==      Total: 1
2018-09-20 00:49:22,182 DEBUG (BaseJdbcLogger.java:159)- ==>  Preparing: select id, script_name, describe, logo, create_time from script_info LIMIT ? 
2018-09-20 00:49:22,183 DEBUG (BaseJdbcLogger.java:159)- ==> Parameters: 10(Integer)
2018-09-20 00:55:00,171 INFO (StartupInfoLogger.java:48)- Starting Application on DESKTOP-GG6D0SA with PID 16068 (F:\software\eclipse\workspace\workspace-scriptweb\scriptweb\target\classes started by shuju in F:\software\eclipse\workspace\workspace-scriptweb\scriptweb)
2018-09-20 00:55:00,171 DEBUG (StartupInfoLogger.java:51)- Running with Spring Boot v1.5.4.RELEASE, Spring v4.3.9.RELEASE
2018-09-20 00:55:00,171 INFO (SpringApplication.java:593)- No active profile set, falling back to default profiles: default
2018-09-20 00:55:30,745 INFO (StartupInfoLogger.java:48)- Starting Application on DESKTOP-GG6D0SA with PID 13368 (F:\software\eclipse\workspace\workspace-scriptweb\scriptweb\target\classes started by shuju in F:\software\eclipse\workspace\workspace-scriptweb\scriptweb)
2018-09-20 00:55:30,746 DEBUG (StartupInfoLogger.java:51)- Running with Spring Boot v1.5.4.RELEASE, Spring v4.3.9.RELEASE
2018-09-20 00:55:30,747 INFO (SpringApplication.java:593)- No active profile set, falling back to default profiles: default
2018-09-20 00:56:43,582 INFO (StartupInfoLogger.java:48)- Starting Application on DESKTOP-GG6D0SA with PID 13240 (F:\software\eclipse\workspace\workspace-scriptweb\scriptweb\target\classes started by shuju in F:\software\eclipse\workspace\workspace-scriptweb\scriptweb)
2018-09-20 00:56:43,583 DEBUG (StartupInfoLogger.java:51)- Running with Spring Boot v1.5.4.RELEASE, Spring v4.3.9.RELEASE
2018-09-20 00:56:43,584 INFO (SpringApplication.java:593)- No active profile set, falling back to default profiles: default
2018-09-20 00:56:50,361 INFO (StartupInfoLogger.java:57)- Started Application in 7.234 seconds (JVM running for 8.115)
2018-09-20 00:56:59,298 DEBUG (BaseJdbcLogger.java:159)- ==>  Preparing: SELECT count(0) FROM script_info 
2018-09-20 00:56:59,342 DEBUG (BaseJdbcLogger.java:159)- ==> Parameters: 
2018-09-20 00:56:59,381 DEBUG (BaseJdbcLogger.java:159)- <==      Total: 1
2018-09-20 00:56:59,385 DEBUG (BaseJdbcLogger.java:159)- ==>  Preparing: select id, script_name, intro, logo, create_time from script_info LIMIT ? 
2018-09-20 00:56:59,386 DEBUG (BaseJdbcLogger.java:159)- ==> Parameters: 10(Integer)
2018-09-20 00:56:59,396 DEBUG (BaseJdbcLogger.java:159)- <==      Total: 1
2018-09-20 00:57:27,426 DEBUG (BaseJdbcLogger.java:159)- ==>  Preparing: SELECT count(0) FROM script_info 
2018-09-20 00:57:27,427 DEBUG (BaseJdbcLogger.java:159)- ==> Parameters: 
2018-09-20 00:57:27,428 DEBUG (BaseJdbcLogger.java:159)- <==      Total: 1
2018-09-20 00:57:27,430 DEBUG (BaseJdbcLogger.java:159)- ==>  Preparing: select id, script_name, intro, logo, create_time from script_info LIMIT ? 
2018-09-20 00:57:27,431 DEBUG (BaseJdbcLogger.java:159)- ==> Parameters: 10(Integer)
2018-09-20 00:57:27,433 DEBUG (BaseJdbcLogger.java:159)- <==      Total: 1
2018-09-20 00:59:34,081 DEBUG (BaseJdbcLogger.java:159)- ==>  Preparing: SELECT count(0) FROM script_info 
2018-09-20 00:59:34,082 DEBUG (BaseJdbcLogger.java:159)- ==> Parameters: 
2018-09-20 00:59:34,084 DEBUG (BaseJdbcLogger.java:159)- <==      Total: 1
2018-09-20 00:59:34,087 DEBUG (BaseJdbcLogger.java:159)- ==>  Preparing: select id, script_name, intro, logo, create_time from script_info LIMIT ? 
2018-09-20 00:59:34,088 DEBUG (BaseJdbcLogger.java:159)- ==> Parameters: 10(Integer)
2018-09-20 00:59:34,091 DEBUG (BaseJdbcLogger.java:159)- <==      Total: 1
2018-09-20 00:59:36,974 DEBUG (BaseJdbcLogger.java:159)- ==>  Preparing: SELECT count(0) FROM script_info 
2018-09-20 00:59:36,975 DEBUG (BaseJdbcLogger.java:159)- ==> Parameters: 
2018-09-20 00:59:36,976 DEBUG (BaseJdbcLogger.java:159)- <==      Total: 1
2018-09-20 00:59:36,978 DEBUG (BaseJdbcLogger.java:159)- ==>  Preparing: select id, script_name, intro, logo, create_time from script_info LIMIT ? 
2018-09-20 00:59:36,979 DEBUG (BaseJdbcLogger.java:159)- ==> Parameters: 10(Integer)
2018-09-20 00:59:36,982 DEBUG (BaseJdbcLogger.java:159)- <==      Total: 1
2018-09-20 00:59:45,898 DEBUG (BaseJdbcLogger.java:159)- ==>  Preparing: SELECT count(0) FROM script_info 
2018-09-20 00:59:45,899 DEBUG (BaseJdbcLogger.java:159)- ==> Parameters: 
2018-09-20 00:59:45,900 DEBUG (BaseJdbcLogger.java:159)- <==      Total: 1
2018-09-20 00:59:45,902 DEBUG (BaseJdbcLogger.java:159)- ==>  Preparing: select id, script_name, intro, logo, create_time from script_info LIMIT ? 
2018-09-20 00:59:45,903 DEBUG (BaseJdbcLogger.java:159)- ==> Parameters: 10(Integer)
2018-09-20 00:59:45,905 DEBUG (BaseJdbcLogger.java:159)- <==      Total: 1
2018-09-20 01:02:13,011 DEBUG (BaseJdbcLogger.java:159)- ==>  Preparing: SELECT count(0) FROM script_info 
2018-09-20 01:02:13,012 DEBUG (BaseJdbcLogger.java:159)- ==> Parameters: 
2018-09-20 01:02:13,013 DEBUG (BaseJdbcLogger.java:159)- <==      Total: 1
2018-09-20 01:02:13,015 DEBUG (BaseJdbcLogger.java:159)- ==>  Preparing: select id, script_name, intro, logo, create_time from script_info LIMIT ? 
2018-09-20 01:02:13,015 DEBUG (BaseJdbcLogger.java:159)- ==> Parameters: 10(Integer)
2018-09-20 01:02:13,017 DEBUG (BaseJdbcLogger.java:159)- <==      Total: 1
2018-09-20 01:02:15,080 DEBUG (BaseJdbcLogger.java:159)- ==>  Preparing: SELECT count(0) FROM script_info 
2018-09-20 01:02:15,081 DEBUG (BaseJdbcLogger.java:159)- ==> Parameters: 
2018-09-20 01:02:15,082 DEBUG (BaseJdbcLogger.java:159)- <==      Total: 1
2018-09-20 01:02:15,084 DEBUG (BaseJdbcLogger.java:159)- ==>  Preparing: select id, script_name, intro, logo, create_time from script_info LIMIT ? 
2018-09-20 01:02:15,085 DEBUG (BaseJdbcLogger.java:159)- ==> Parameters: 10(Integer)
2018-09-20 01:02:15,087 DEBUG (BaseJdbcLogger.java:159)- <==      Total: 1
2018-09-20 01:08:00,582 DEBUG (BaseJdbcLogger.java:159)- ==>  Preparing: SELECT count(0) FROM script_info 
2018-09-20 01:08:00,583 DEBUG (BaseJdbcLogger.java:159)- ==> Parameters: 
2018-09-20 01:08:00,585 DEBUG (BaseJdbcLogger.java:159)- <==      Total: 1
2018-09-20 01:08:00,589 DEBUG (BaseJdbcLogger.java:159)- ==>  Preparing: select id, script_name, intro, logo, create_time from script_info LIMIT ? 
2018-09-20 01:08:00,591 DEBUG (BaseJdbcLogger.java:159)- ==> Parameters: 10(Integer)
2018-09-20 01:08:00,595 DEBUG (BaseJdbcLogger.java:159)- <==      Total: 1
2018-09-20 01:09:49,867 DEBUG (BaseJdbcLogger.java:159)- ==>  Preparing: SELECT count(0) FROM script_info 
2018-09-20 01:09:49,868 DEBUG (BaseJdbcLogger.java:159)- ==> Parameters: 
2018-09-20 01:09:49,870 DEBUG (BaseJdbcLogger.java:159)- <==      Total: 1
2018-09-20 01:09:49,872 DEBUG (BaseJdbcLogger.java:159)- ==>  Preparing: select id, script_name, intro, logo, create_time from script_info LIMIT ? 
2018-09-20 01:09:49,873 DEBUG (BaseJdbcLogger.java:159)- ==> Parameters: 10(Integer)
2018-09-20 01:09:49,875 DEBUG (BaseJdbcLogger.java:159)- <==      Total: 1
2018-09-20 01:10:08,473 DEBUG (BaseJdbcLogger.java:159)- ==>  Preparing: SELECT count(0) FROM script_info 
2018-09-20 01:10:08,474 DEBUG (BaseJdbcLogger.java:159)- ==> Parameters: 
2018-09-20 01:10:08,475 DEBUG (BaseJdbcLogger.java:159)- <==      Total: 1
2018-09-20 01:10:08,477 DEBUG (BaseJdbcLogger.java:159)- ==>  Preparing: select id, script_name, intro, logo, create_time from script_info LIMIT ? 
2018-09-20 01:10:08,478 DEBUG (BaseJdbcLogger.java:159)- ==> Parameters: 10(Integer)
2018-09-20 01:10:08,479 DEBUG (BaseJdbcLogger.java:159)- <==      Total: 1
2018-09-20 01:10:28,610 DEBUG (BaseJdbcLogger.java:159)- ==>  Preparing: SELECT count(0) FROM script_info 
2018-09-20 01:10:28,611 DEBUG (BaseJdbcLogger.java:159)- ==> Parameters: 
2018-09-20 01:10:28,612 DEBUG (BaseJdbcLogger.java:159)- <==      Total: 1
2018-09-20 01:10:28,614 DEBUG (BaseJdbcLogger.java:159)- ==>  Preparing: select id, script_name, intro, logo, create_time from script_info LIMIT ? 
2018-09-20 01:10:28,615 DEBUG (BaseJdbcLogger.java:159)- ==> Parameters: 10(Integer)
2018-09-20 01:10:28,617 DEBUG (BaseJdbcLogger.java:159)- <==      Total: 1
2018-09-20 01:10:56,454 DEBUG (BaseJdbcLogger.java:159)- ==>  Preparing: SELECT count(0) FROM script_info 
2018-09-20 01:10:56,455 DEBUG (BaseJdbcLogger.java:159)- ==> Parameters: 
2018-09-20 01:10:56,457 DEBUG (BaseJdbcLogger.java:159)- <==      Total: 1
2018-09-20 01:10:56,459 DEBUG (BaseJdbcLogger.java:159)- ==>  Preparing: select id, script_name, intro, logo, create_time from script_info LIMIT ? 
2018-09-20 01:10:56,460 DEBUG (BaseJdbcLogger.java:159)- ==> Parameters: 10(Integer)
2018-09-20 01:10:56,463 DEBUG (BaseJdbcLogger.java:159)- <==      Total: 1
2018-09-20 22:08:24,282 DEBUG (BaseJdbcLogger.java:159)- ==>  Preparing: SELECT count(0) FROM script_info 
2018-09-20 22:08:24,283 DEBUG (BaseJdbcLogger.java:159)- ==> Parameters: 
2018-09-20 22:08:24,285 DEBUG (BaseJdbcLogger.java:159)- <==      Total: 1
2018-09-20 22:08:24,287 DEBUG (BaseJdbcLogger.java:159)- ==>  Preparing: select id, script_name, intro, logo, create_time from script_info LIMIT ? 
2018-09-20 22:08:24,287 DEBUG (BaseJdbcLogger.java:159)- ==> Parameters: 25(Integer)
2018-09-20 22:08:24,289 DEBUG (BaseJdbcLogger.java:159)- <==      Total: 1
2018-09-20 22:31:03,511 DEBUG (BaseJdbcLogger.java:159)- ==>  Preparing: SELECT count(0) FROM script_info 
2018-09-20 22:31:03,512 DEBUG (BaseJdbcLogger.java:159)- ==> Parameters: 
2018-09-20 22:31:03,513 DEBUG (BaseJdbcLogger.java:159)- <==      Total: 1
2018-09-20 22:31:03,515 DEBUG (BaseJdbcLogger.java:159)- ==>  Preparing: select id, script_name, intro, logo, create_time from script_info LIMIT ? 
2018-09-20 22:31:03,516 DEBUG (BaseJdbcLogger.java:159)- ==> Parameters: 10(Integer)
2018-09-20 22:31:03,523 DEBUG (BaseJdbcLogger.java:159)- <==      Total: 10
2018-09-20 22:31:09,441 DEBUG (BaseJdbcLogger.java:159)- ==>  Preparing: SELECT count(0) FROM script_info 
2018-09-20 22:31:09,442 DEBUG (BaseJdbcLogger.java:159)- ==> Parameters: 
2018-09-20 22:31:09,444 DEBUG (BaseJdbcLogger.java:159)- <==      Total: 1
2018-09-20 22:31:09,447 DEBUG (BaseJdbcLogger.java:159)- ==>  Preparing: select id, script_name, intro, logo, create_time from script_info LIMIT ? 
2018-09-20 22:31:09,447 DEBUG (BaseJdbcLogger.java:159)- ==> Parameters: 10(Integer)
2018-09-20 22:31:09,452 DEBUG (BaseJdbcLogger.java:159)- <==      Total: 10
2018-09-20 22:31:16,703 DEBUG (BaseJdbcLogger.java:159)- ==>  Preparing: SELECT count(0) FROM script_info 
2018-09-20 22:31:16,704 DEBUG (BaseJdbcLogger.java:159)- ==> Parameters: 
2018-09-20 22:31:16,706 DEBUG (BaseJdbcLogger.java:159)- <==      Total: 1
2018-09-20 22:31:16,708 DEBUG (BaseJdbcLogger.java:159)- ==>  Preparing: select id, script_name, intro, logo, create_time from script_info LIMIT ? 
2018-09-20 22:31:16,709 DEBUG (BaseJdbcLogger.java:159)- ==> Parameters: 10(Integer)
2018-09-20 22:31:16,713 DEBUG (BaseJdbcLogger.java:159)- <==      Total: 10
2018-09-20 22:31:20,079 DEBUG (BaseJdbcLogger.java:159)- ==>  Preparing: SELECT count(0) FROM script_info 
2018-09-20 22:31:20,080 DEBUG (BaseJdbcLogger.java:159)- ==> Parameters: 
2018-09-20 22:31:20,082 DEBUG (BaseJdbcLogger.java:159)- <==      Total: 1
2018-09-20 22:31:20,084 DEBUG (BaseJdbcLogger.java:159)- ==>  Preparing: select id, script_name, intro, logo, create_time from script_info LIMIT ?, ? 
2018-09-20 22:31:20,084 DEBUG (BaseJdbcLogger.java:159)- ==> Parameters: 10(Integer), 10(Integer)
2018-09-20 22:31:20,087 DEBUG (BaseJdbcLogger.java:159)- <==      Total: 3
2018-09-20 22:31:21,524 DEBUG (BaseJdbcLogger.java:159)- ==>  Preparing: SELECT count(0) FROM script_info 
2018-09-20 22:31:21,525 DEBUG (BaseJdbcLogger.java:159)- ==> Parameters: 
2018-09-20 22:31:21,527 DEBUG (BaseJdbcLogger.java:159)- <==      Total: 1
2018-09-20 22:31:21,529 DEBUG (BaseJdbcLogger.java:159)- ==>  Preparing: select id, script_name, intro, logo, create_time from script_info LIMIT ? 
2018-09-20 22:31:21,530 DEBUG (BaseJdbcLogger.java:159)- ==> Parameters: 10(Integer)
2018-09-20 22:31:21,533 DEBUG (BaseJdbcLogger.java:159)- <==      Total: 10
2018-09-20 22:31:28,226 DEBUG (BaseJdbcLogger.java:159)- ==>  Preparing: SELECT count(0) FROM script_info 
2018-09-20 22:31:28,226 DEBUG (BaseJdbcLogger.java:159)- ==> Parameters: 
2018-09-20 22:31:28,228 DEBUG (BaseJdbcLogger.java:159)- <==      Total: 1
2018-09-20 22:31:28,230 DEBUG (BaseJdbcLogger.java:159)- ==>  Preparing: select id, script_name, intro, logo, create_time from script_info LIMIT ?, ? 
2018-09-20 22:31:28,231 DEBUG (BaseJdbcLogger.java:159)- ==> Parameters: 10(Integer), 10(Integer)
2018-09-20 22:31:28,233 DEBUG (BaseJdbcLogger.java:159)- <==      Total: 3
2018-09-20 22:31:34,460 DEBUG (BaseJdbcLogger.java:159)- ==>  Preparing: SELECT count(0) FROM script_info 
2018-09-20 22:31:34,461 DEBUG (BaseJdbcLogger.java:159)- ==> Parameters: 
2018-09-20 22:31:34,462 DEBUG (BaseJdbcLogger.java:159)- <==      Total: 1
2018-09-20 22:31:34,465 DEBUG (BaseJdbcLogger.java:159)- ==>  Preparing: select id, script_name, intro, logo, create_time from script_info LIMIT ? 
2018-09-20 22:31:34,466 DEBUG (BaseJdbcLogger.java:159)- ==> Parameters: 10(Integer)
2018-09-20 22:31:34,471 DEBUG (BaseJdbcLogger.java:159)- <==      Total: 10
2018-09-20 22:31:46,795 DEBUG (BaseJdbcLogger.java:159)- ==>  Preparing: SELECT count(0) FROM script_info 
2018-09-20 22:31:46,796 DEBUG (BaseJdbcLogger.java:159)- ==> Parameters: 
2018-09-20 22:31:46,798 DEBUG (BaseJdbcLogger.java:159)- <==      Total: 1
2018-09-20 22:31:46,800 DEBUG (BaseJdbcLogger.java:159)- ==>  Preparing: select id, script_name, intro, logo, create_time from script_info LIMIT ?, ? 
2018-09-20 22:31:46,801 DEBUG (BaseJdbcLogger.java:159)- ==> Parameters: 10(Integer), 10(Integer)
2018-09-20 22:31:46,803 DEBUG (BaseJdbcLogger.java:159)- <==      Total: 3
2018-09-20 22:36:21,195 INFO (StartupInfoLogger.java:48)- Starting Application on DESKTOP-GG6D0SA with PID 13240 (F:\software\eclipse\workspace\workspace-scriptweb\scriptweb\target\classes started by shuju in F:\software\eclipse\workspace\workspace-scriptweb\scriptweb)
2018-09-20 22:36:21,195 DEBUG (StartupInfoLogger.java:51)- Running with Spring Boot v1.5.4.RELEASE, Spring v4.3.9.RELEASE
2018-09-20 22:36:21,196 INFO (SpringApplication.java:593)- No active profile set, falling back to default profiles: default
2018-09-20 22:36:25,206 INFO (StartupInfoLogger.java:57)- Started Application in 4.155 seconds (JVM running for 77999.943)
2018-09-20 22:37:15,755 INFO (StartupInfoLogger.java:48)- Starting Application on DESKTOP-GG6D0SA with PID 13240 (F:\software\eclipse\workspace\workspace-scriptweb\scriptweb\target\classes started by shuju in F:\software\eclipse\workspace\workspace-scriptweb\scriptweb)
2018-09-20 22:37:15,756 DEBUG (StartupInfoLogger.java:51)- Running with Spring Boot v1.5.4.RELEASE, Spring v4.3.9.RELEASE
2018-09-20 22:37:15,756 INFO (SpringApplication.java:593)- No active profile set, falling back to default profiles: default
2018-09-20 22:37:18,521 INFO (StartupInfoLogger.java:57)- Started Application in 2.833 seconds (JVM running for 78053.258)
2018-09-20 22:37:24,665 DEBUG (BaseJdbcLogger.java:159)- ==>  Preparing: SELECT count(0) FROM script_info 
2018-09-20 22:37:24,666 DEBUG (BaseJdbcLogger.java:159)- ==> Parameters: 
2018-09-20 22:37:24,669 DEBUG (BaseJdbcLogger.java:159)- <==      Total: 1
2018-09-20 22:37:24,671 DEBUG (BaseJdbcLogger.java:159)- ==>  Preparing: select id, script_name, intro, logo, create_time,detail from script_info LIMIT ? 
2018-09-20 22:37:24,671 DEBUG (BaseJdbcLogger.java:159)- ==> Parameters: 10(Integer)
2018-09-20 22:37:24,680 DEBUG (BaseJdbcLogger.java:159)- <==      Total: 10
2018-09-20 22:41:21,732 DEBUG (BaseJdbcLogger.java:159)- ==>  Preparing: SELECT count(0) FROM script_info 
2018-09-20 22:41:21,733 DEBUG (BaseJdbcLogger.java:159)- ==> Parameters: 
2018-09-20 22:41:21,735 DEBUG (BaseJdbcLogger.java:159)- <==      Total: 1
2018-09-20 22:41:21,737 DEBUG (BaseJdbcLogger.java:159)- ==>  Preparing: select id, script_name, intro, logo, create_time,detail from script_info LIMIT ? 
2018-09-20 22:41:21,738 DEBUG (BaseJdbcLogger.java:159)- ==> Parameters: 10(Integer)
2018-09-20 22:41:21,746 DEBUG (BaseJdbcLogger.java:159)- <==      Total: 10
2018-09-20 22:41:40,794 DEBUG (BaseJdbcLogger.java:159)- ==>  Preparing: SELECT count(0) FROM script_info 
2018-09-20 22:41:40,795 DEBUG (BaseJdbcLogger.java:159)- ==> Parameters: 
2018-09-20 22:41:40,796 DEBUG (BaseJdbcLogger.java:159)- <==      Total: 1
2018-09-20 22:41:40,797 DEBUG (BaseJdbcLogger.java:159)- ==>  Preparing: select id, script_name, intro, logo, create_time,detail from script_info LIMIT ? 
2018-09-20 22:41:40,798 DEBUG (BaseJdbcLogger.java:159)- ==> Parameters: 10(Integer)
2018-09-20 22:41:40,800 DEBUG (BaseJdbcLogger.java:159)- <==      Total: 10
2018-09-20 22:41:41,451 DEBUG (BaseJdbcLogger.java:159)- ==>  Preparing: SELECT count(0) FROM script_info 
2018-09-20 22:41:41,452 DEBUG (BaseJdbcLogger.java:159)- ==> Parameters: 
2018-09-20 22:41:41,453 DEBUG (BaseJdbcLogger.java:159)- <==      Total: 1
2018-09-20 22:41:41,455 DEBUG (BaseJdbcLogger.java:159)- ==>  Preparing: select id, script_name, intro, logo, create_time,detail from script_info LIMIT ? 
2018-09-20 22:41:41,455 DEBUG (BaseJdbcLogger.java:159)- ==> Parameters: 10(Integer)
2018-09-20 22:41:41,458 DEBUG (BaseJdbcLogger.java:159)- <==      Total: 10
2018-09-20 22:41:42,551 DEBUG (BaseJdbcLogger.java:159)- ==>  Preparing: SELECT count(0) FROM script_info 
2018-09-20 22:41:42,551 DEBUG (BaseJdbcLogger.java:159)- ==> Parameters: 
2018-09-20 22:41:42,553 DEBUG (BaseJdbcLogger.java:159)- <==      Total: 1
2018-09-20 22:41:42,555 DEBUG (BaseJdbcLogger.java:159)- ==>  Preparing: select id, script_name, intro, logo, create_time,detail from script_info LIMIT ? 
2018-09-20 22:41:42,555 DEBUG (BaseJdbcLogger.java:159)- ==> Parameters: 10(Integer)
2018-09-20 22:41:42,557 DEBUG (BaseJdbcLogger.java:159)- <==      Total: 10
2018-09-20 22:41:43,675 DEBUG (BaseJdbcLogger.java:159)- ==>  Preparing: SELECT count(0) FROM script_info 
2018-09-20 22:41:43,675 DEBUG (BaseJdbcLogger.java:159)- ==> Parameters: 
2018-09-20 22:41:43,676 DEBUG (BaseJdbcLogger.java:159)- <==      Total: 1
2018-09-20 22:41:43,678 DEBUG (BaseJdbcLogger.java:159)- ==>  Preparing: select id, script_name, intro, logo, create_time,detail from script_info LIMIT ? 
2018-09-20 22:41:43,679 DEBUG (BaseJdbcLogger.java:159)- ==> Parameters: 10(Integer)
2018-09-20 22:41:43,681 DEBUG (BaseJdbcLogger.java:159)- <==      Total: 10
2018-09-20 22:41:44,207 DEBUG (BaseJdbcLogger.java:159)- ==>  Preparing: SELECT count(0) FROM script_info 
2018-09-20 22:41:44,207 DEBUG (BaseJdbcLogger.java:159)- ==> Parameters: 
2018-09-20 22:41:44,209 DEBUG (BaseJdbcLogger.java:159)- <==      Total: 1
2018-09-20 22:41:44,210 DEBUG (BaseJdbcLogger.java:159)- ==>  Preparing: select id, script_name, intro, logo, create_time,detail from script_info LIMIT ? 
2018-09-20 22:41:44,210 DEBUG (BaseJdbcLogger.java:159)- ==> Parameters: 10(Integer)
2018-09-20 22:41:44,213 DEBUG (BaseJdbcLogger.java:159)- <==      Total: 10
2018-09-20 22:42:01,978 DEBUG (BaseJdbcLogger.java:159)- ==>  Preparing: SELECT count(0) FROM script_info 
2018-09-20 22:42:01,979 DEBUG (BaseJdbcLogger.java:159)- ==> Parameters: 
2018-09-20 22:42:01,980 DEBUG (BaseJdbcLogger.java:159)- <==      Total: 1
2018-09-20 22:42:01,983 DEBUG (BaseJdbcLogger.java:159)- ==>  Preparing: select id, script_name, intro, logo, create_time,detail from script_info LIMIT ? 
2018-09-20 22:42:01,984 DEBUG (BaseJdbcLogger.java:159)- ==> Parameters: 25(Integer)
2018-09-20 22:42:01,987 DEBUG (BaseJdbcLogger.java:159)- <==      Total: 13
2018-09-20 22:42:05,391 DEBUG (BaseJdbcLogger.java:159)- ==>  Preparing: SELECT count(0) FROM script_info 
2018-09-20 22:42:05,392 DEBUG (BaseJdbcLogger.java:159)- ==> Parameters: 
2018-09-20 22:42:05,394 DEBUG (BaseJdbcLogger.java:159)- <==      Total: 1
2018-09-20 22:42:05,396 DEBUG (BaseJdbcLogger.java:159)- ==>  Preparing: select id, script_name, intro, logo, create_time,detail from script_info LIMIT ? 
2018-09-20 22:42:05,396 DEBUG (BaseJdbcLogger.java:159)- ==> Parameters: 10(Integer)
2018-09-20 22:42:05,400 DEBUG (BaseJdbcLogger.java:159)- <==      Total: 10
2018-09-20 22:45:01,808 DEBUG (BaseJdbcLogger.java:159)- ==>  Preparing: SELECT count(0) FROM script_info 
2018-09-20 22:45:01,809 DEBUG (BaseJdbcLogger.java:159)- ==> Parameters: 
2018-09-20 22:45:01,811 DEBUG (BaseJdbcLogger.java:159)- <==      Total: 1
2018-09-20 22:45:01,812 DEBUG (BaseJdbcLogger.java:159)- ==>  Preparing: select id, script_name, intro, logo, create_time,detail from script_info LIMIT ? 
2018-09-20 22:45:01,813 DEBUG (BaseJdbcLogger.java:159)- ==> Parameters: 10(Integer)
2018-09-20 22:45:01,816 DEBUG (BaseJdbcLogger.java:159)- <==      Total: 10
2018-09-20 22:45:33,829 DEBUG (BaseJdbcLogger.java:159)- ==>  Preparing: SELECT count(0) FROM script_info 
2018-09-20 22:45:33,830 DEBUG (BaseJdbcLogger.java:159)- ==> Parameters: 
2018-09-20 22:45:33,831 DEBUG (BaseJdbcLogger.java:159)- <==      Total: 1
2018-09-20 22:45:33,833 DEBUG (BaseJdbcLogger.java:159)- ==>  Preparing: select id, script_name, intro, logo, create_time,detail from script_info LIMIT ? 
2018-09-20 22:45:33,833 DEBUG (BaseJdbcLogger.java:159)- ==> Parameters: 10(Integer)
2018-09-20 22:45:33,837 DEBUG (BaseJdbcLogger.java:159)- <==      Total: 10
2018-09-20 22:45:36,256 DEBUG (BaseJdbcLogger.java:159)- ==>  Preparing: SELECT count(0) FROM script_info 
2018-09-20 22:45:36,257 DEBUG (BaseJdbcLogger.java:159)- ==> Parameters: 
2018-09-20 22:45:36,258 DEBUG (BaseJdbcLogger.java:159)- <==      Total: 1
2018-09-20 22:45:36,260 DEBUG (BaseJdbcLogger.java:159)- ==>  Preparing: select id, script_name, intro, logo, create_time,detail from script_info LIMIT ? 
2018-09-20 22:45:36,261 DEBUG (BaseJdbcLogger.java:159)- ==> Parameters: 10(Integer)
2018-09-20 22:45:36,264 DEBUG (BaseJdbcLogger.java:159)- <==      Total: 10
2018-09-20 22:46:00,576 DEBUG (BaseJdbcLogger.java:159)- ==>  Preparing: SELECT count(0) FROM script_info 
2018-09-20 22:46:00,576 DEBUG (BaseJdbcLogger.java:159)- ==> Parameters: 
2018-09-20 22:46:00,577 DEBUG (BaseJdbcLogger.java:159)- <==      Total: 1
2018-09-20 22:46:00,579 DEBUG (BaseJdbcLogger.java:159)- ==>  Preparing: select id, script_name, intro, logo, create_time,detail from script_info LIMIT ? 
2018-09-20 22:46:00,579 DEBUG (BaseJdbcLogger.java:159)- ==> Parameters: 10(Integer)
2018-09-20 22:46:00,582 DEBUG (BaseJdbcLogger.java:159)- <==      Total: 10
2018-09-20 22:46:07,940 DEBUG (BaseJdbcLogger.java:159)- ==>  Preparing: SELECT count(0) FROM script_info 
2018-09-20 22:46:07,940 DEBUG (BaseJdbcLogger.java:159)- ==> Parameters: 
2018-09-20 22:46:07,941 DEBUG (BaseJdbcLogger.java:159)- <==      Total: 1
2018-09-20 22:46:07,943 DEBUG (BaseJdbcLogger.java:159)- ==>  Preparing: select id, script_name, intro, logo, create_time,detail from script_info LIMIT ? 
2018-09-20 22:46:07,944 DEBUG (BaseJdbcLogger.java:159)- ==> Parameters: 10(Integer)
2018-09-20 22:46:07,947 DEBUG (BaseJdbcLogger.java:159)- <==      Total: 10
2018-09-20 22:47:20,650 DEBUG (BaseJdbcLogger.java:159)- ==>  Preparing: SELECT count(0) FROM script_info 
2018-09-20 22:47:20,651 DEBUG (BaseJdbcLogger.java:159)- ==> Parameters: 
2018-09-20 22:47:20,653 DEBUG (BaseJdbcLogger.java:159)- <==      Total: 1
2018-09-20 22:47:20,655 DEBUG (BaseJdbcLogger.java:159)- ==>  Preparing: select id, script_name, intro, logo, create_time,detail from script_info LIMIT ? 
2018-09-20 22:47:20,655 DEBUG (BaseJdbcLogger.java:159)- ==> Parameters: 10(Integer)
2018-09-20 22:47:20,659 DEBUG (BaseJdbcLogger.java:159)- <==      Total: 10
2018-09-20 22:47:41,056 DEBUG (BaseJdbcLogger.java:159)- ==>  Preparing: SELECT count(0) FROM script_info 
2018-09-20 22:47:41,057 DEBUG (BaseJdbcLogger.java:159)- ==> Parameters: 
2018-09-20 22:47:41,058 DEBUG (BaseJdbcLogger.java:159)- <==      Total: 1
2018-09-20 22:47:41,060 DEBUG (BaseJdbcLogger.java:159)- ==>  Preparing: select id, script_name, intro, logo, create_time,detail from script_info LIMIT ? 
2018-09-20 22:47:41,061 DEBUG (BaseJdbcLogger.java:159)- ==> Parameters: 10(Integer)
2018-09-20 22:47:41,063 DEBUG (BaseJdbcLogger.java:159)- <==      Total: 10
2018-09-20 22:50:02,941 DEBUG (BaseJdbcLogger.java:159)- ==>  Preparing: SELECT count(0) FROM script_info 
2018-09-20 22:50:02,942 DEBUG (BaseJdbcLogger.java:159)- ==> Parameters: 
2018-09-20 22:50:02,943 DEBUG (BaseJdbcLogger.java:159)- <==      Total: 1
2018-09-20 22:50:02,945 DEBUG (BaseJdbcLogger.java:159)- ==>  Preparing: select id, script_name, intro, logo, create_time,detail from script_info LIMIT ? 
2018-09-20 22:50:02,946 DEBUG (BaseJdbcLogger.java:159)- ==> Parameters: 10(Integer)
2018-09-20 22:50:02,949 DEBUG (BaseJdbcLogger.java:159)- <==      Total: 10
2018-09-20 22:51:57,561 DEBUG (BaseJdbcLogger.java:159)- ==>  Preparing: SELECT count(0) FROM script_info 
2018-09-20 22:51:57,562 DEBUG (BaseJdbcLogger.java:159)- ==> Parameters: 
2018-09-20 22:51:57,563 DEBUG (BaseJdbcLogger.java:159)- <==      Total: 1
2018-09-20 22:51:57,565 DEBUG (BaseJdbcLogger.java:159)- ==>  Preparing: select id, script_name, intro, logo, create_time,detail from script_info LIMIT ? 
2018-09-20 22:51:57,566 DEBUG (BaseJdbcLogger.java:159)- ==> Parameters: 10(Integer)
2018-09-20 22:51:57,569 DEBUG (BaseJdbcLogger.java:159)- <==      Total: 10
2018-09-20 22:52:17,828 DEBUG (BaseJdbcLogger.java:159)- ==>  Preparing: SELECT count(0) FROM script_info 
2018-09-20 22:52:17,829 DEBUG (BaseJdbcLogger.java:159)- ==> Parameters: 
2018-09-20 22:52:17,830 DEBUG (BaseJdbcLogger.java:159)- <==      Total: 1
2018-09-20 22:52:17,832 DEBUG (BaseJdbcLogger.java:159)- ==>  Preparing: select id, script_name, intro, logo, create_time,detail from script_info LIMIT ? 
2018-09-20 22:52:17,833 DEBUG (BaseJdbcLogger.java:159)- ==> Parameters: 10(Integer)
2018-09-20 22:52:17,835 DEBUG (BaseJdbcLogger.java:159)- <==      Total: 10
2018-09-20 23:00:54,892 DEBUG (BaseJdbcLogger.java:159)- ==>  Preparing: SELECT count(0) FROM script_info 
2018-09-20 23:00:54,893 DEBUG (BaseJdbcLogger.java:159)- ==> Parameters: 
2018-09-20 23:00:54,894 DEBUG (BaseJdbcLogger.java:159)- <==      Total: 1
2018-09-20 23:00:54,896 DEBUG (BaseJdbcLogger.java:159)- ==>  Preparing: select id, script_name, intro, logo, create_time,detail from script_info LIMIT ? 
2018-09-20 23:00:54,897 DEBUG (BaseJdbcLogger.java:159)- ==> Parameters: 10(Integer)
2018-09-20 23:00:54,900 DEBUG (BaseJdbcLogger.java:159)- <==      Total: 10
2018-09-20 23:07:40,170 DEBUG (BaseJdbcLogger.java:159)- ==>  Preparing: SELECT count(0) FROM script_info 
2018-09-20 23:07:40,171 DEBUG (BaseJdbcLogger.java:159)- ==> Parameters: 
2018-09-20 23:07:40,173 DEBUG (BaseJdbcLogger.java:159)- <==      Total: 1
2018-09-20 23:07:40,174 DEBUG (BaseJdbcLogger.java:159)- ==>  Preparing: select id, script_name, intro, logo, create_time,detail from script_info LIMIT ? 
2018-09-20 23:07:40,175 DEBUG (BaseJdbcLogger.java:159)- ==> Parameters: 10(Integer)
2018-09-20 23:07:40,178 DEBUG (BaseJdbcLogger.java:159)- <==      Total: 10
2018-09-20 23:07:57,852 DEBUG (BaseJdbcLogger.java:159)- ==>  Preparing: SELECT count(0) FROM script_info 
2018-09-20 23:07:57,853 DEBUG (BaseJdbcLogger.java:159)- ==> Parameters: 
2018-09-20 23:07:57,854 DEBUG (BaseJdbcLogger.java:159)- <==      Total: 1
2018-09-20 23:07:57,856 DEBUG (BaseJdbcLogger.java:159)- ==>  Preparing: select id, script_name, intro, logo, create_time,detail from script_info LIMIT ? 
2018-09-20 23:07:57,857 DEBUG (BaseJdbcLogger.java:159)- ==> Parameters: 10(Integer)
2018-09-20 23:07:57,859 DEBUG (BaseJdbcLogger.java:159)- <==      Total: 10
2018-09-20 23:08:07,670 DEBUG (BaseJdbcLogger.java:159)- ==>  Preparing: SELECT count(0) FROM script_info 
2018-09-20 23:08:07,671 DEBUG (BaseJdbcLogger.java:159)- ==> Parameters: 
2018-09-20 23:08:07,672 DEBUG (BaseJdbcLogger.java:159)- <==      Total: 1
2018-09-20 23:08:07,675 DEBUG (BaseJdbcLogger.java:159)- ==>  Preparing: select id, script_name, intro, logo, create_time,detail from script_info LIMIT ? 
2018-09-20 23:08:07,676 DEBUG (BaseJdbcLogger.java:159)- ==> Parameters: 10(Integer)
2018-09-20 23:08:07,678 DEBUG (BaseJdbcLogger.java:159)- <==      Total: 10
2018-09-20 23:08:51,948 DEBUG (BaseJdbcLogger.java:159)- ==>  Preparing: SELECT count(0) FROM script_info 
2018-09-20 23:08:51,949 DEBUG (BaseJdbcLogger.java:159)- ==> Parameters: 
2018-09-20 23:08:51,950 DEBUG (BaseJdbcLogger.java:159)- <==      Total: 1
2018-09-20 23:08:51,952 DEBUG (BaseJdbcLogger.java:159)- ==>  Preparing: select id, script_name, intro, logo, create_time,detail from script_info LIMIT ? 
2018-09-20 23:08:51,953 DEBUG (BaseJdbcLogger.java:159)- ==> Parameters: 10(Integer)
2018-09-20 23:08:51,955 DEBUG (BaseJdbcLogger.java:159)- <==      Total: 10
2018-09-20 23:09:05,731 DEBUG (BaseJdbcLogger.java:159)- ==>  Preparing: SELECT count(0) FROM script_info 
2018-09-20 23:09:05,731 DEBUG (BaseJdbcLogger.java:159)- ==> Parameters: 
2018-09-20 23:09:05,733 DEBUG (BaseJdbcLogger.java:159)- <==      Total: 1
2018-09-20 23:09:05,734 DEBUG (BaseJdbcLogger.java:159)- ==>  Preparing: select id, script_name, intro, logo, create_time,detail from script_info LIMIT ? 
2018-09-20 23:09:05,734 DEBUG (BaseJdbcLogger.java:159)- ==> Parameters: 10(Integer)
2018-09-20 23:09:05,736 DEBUG (BaseJdbcLogger.java:159)- <==      Total: 10
2018-09-20 23:10:23,107 DEBUG (BaseJdbcLogger.java:159)- ==>  Preparing: SELECT count(0) FROM script_info 
2018-09-20 23:10:23,107 DEBUG (BaseJdbcLogger.java:159)- ==> Parameters: 
2018-09-20 23:10:23,110 DEBUG (BaseJdbcLogger.java:159)- <==      Total: 1
2018-09-20 23:10:23,112 DEBUG (BaseJdbcLogger.java:159)- ==>  Preparing: select id, script_name, intro, logo, create_time,detail from script_info LIMIT ? 
2018-09-20 23:10:23,113 DEBUG (BaseJdbcLogger.java:159)- ==> Parameters: 10(Integer)
2018-09-20 23:10:23,115 DEBUG (BaseJdbcLogger.java:159)- <==      Total: 10
2018-09-20 23:10:48,106 DEBUG (BaseJdbcLogger.java:159)- ==>  Preparing: SELECT count(0) FROM script_info 
2018-09-20 23:10:48,107 DEBUG (BaseJdbcLogger.java:159)- ==> Parameters: 
2018-09-20 23:10:48,108 DEBUG (BaseJdbcLogger.java:159)- <==      Total: 1
2018-09-20 23:10:48,111 DEBUG (BaseJdbcLogger.java:159)- ==>  Preparing: select id, script_name, intro, logo, create_time,detail from script_info LIMIT ? 
2018-09-20 23:10:48,111 DEBUG (BaseJdbcLogger.java:159)- ==> Parameters: 10(Integer)
2018-09-20 23:10:48,114 DEBUG (BaseJdbcLogger.java:159)- <==      Total: 10
2018-09-20 23:15:22,542 DEBUG (BaseJdbcLogger.java:159)- ==>  Preparing: SELECT count(0) FROM script_info 
2018-09-20 23:15:22,542 DEBUG (BaseJdbcLogger.java:159)- ==> Parameters: 
2018-09-20 23:15:22,544 DEBUG (BaseJdbcLogger.java:159)- <==      Total: 1
2018-09-20 23:15:22,545 DEBUG (BaseJdbcLogger.java:159)- ==>  Preparing: select id, script_name, intro, logo, create_time,detail from script_info LIMIT ? 
2018-09-20 23:15:22,546 DEBUG (BaseJdbcLogger.java:159)- ==> Parameters: 10(Integer)
2018-09-20 23:15:22,548 DEBUG (BaseJdbcLogger.java:159)- <==      Total: 10
2018-09-20 23:15:38,461 DEBUG (BaseJdbcLogger.java:159)- ==>  Preparing: SELECT count(0) FROM script_info 
2018-09-20 23:15:38,461 DEBUG (BaseJdbcLogger.java:159)- ==> Parameters: 
2018-09-20 23:15:38,462 DEBUG (BaseJdbcLogger.java:159)- <==      Total: 1
2018-09-20 23:15:38,464 DEBUG (BaseJdbcLogger.java:159)- ==>  Preparing: select id, script_name, intro, logo, create_time,detail from script_info LIMIT ? 
2018-09-20 23:15:38,465 DEBUG (BaseJdbcLogger.java:159)- ==> Parameters: 10(Integer)
2018-09-20 23:15:38,466 DEBUG (BaseJdbcLogger.java:159)- <==      Total: 10
2018-09-20 23:15:48,276 DEBUG (BaseJdbcLogger.java:159)- ==>  Preparing: SELECT count(0) FROM script_info 
2018-09-20 23:15:48,276 DEBUG (BaseJdbcLogger.java:159)- ==> Parameters: 
2018-09-20 23:15:48,278 DEBUG (BaseJdbcLogger.java:159)- <==      Total: 1
2018-09-20 23:15:48,280 DEBUG (BaseJdbcLogger.java:159)- ==>  Preparing: select id, script_name, intro, logo, create_time,detail from script_info LIMIT ? 
2018-09-20 23:15:48,280 DEBUG (BaseJdbcLogger.java:159)- ==> Parameters: 10(Integer)
2018-09-20 23:15:48,283 DEBUG (BaseJdbcLogger.java:159)- <==      Total: 10
2018-09-20 23:15:55,040 DEBUG (BaseJdbcLogger.java:159)- ==>  Preparing: SELECT count(0) FROM script_info 
2018-09-20 23:15:55,040 DEBUG (BaseJdbcLogger.java:159)- ==> Parameters: 
2018-09-20 23:15:55,042 DEBUG (BaseJdbcLogger.java:159)- <==      Total: 1
2018-09-20 23:15:55,043 DEBUG (BaseJdbcLogger.java:159)- ==>  Preparing: select id, script_name, intro, logo, create_time,detail from script_info LIMIT ? 
2018-09-20 23:15:55,044 DEBUG (BaseJdbcLogger.java:159)- ==> Parameters: 10(Integer)
2018-09-20 23:15:55,046 DEBUG (BaseJdbcLogger.java:159)- <==      Total: 10
2018-09-20 23:23:55,388 DEBUG (BaseJdbcLogger.java:159)- ==>  Preparing: SELECT count(0) FROM script_info 
2018-09-20 23:23:55,389 DEBUG (BaseJdbcLogger.java:159)- ==> Parameters: 
2018-09-20 23:23:55,390 DEBUG (BaseJdbcLogger.java:159)- <==      Total: 1
2018-09-20 23:23:55,392 DEBUG (BaseJdbcLogger.java:159)- ==>  Preparing: select id, script_name, intro, logo, create_time,detail from script_info LIMIT ? 
2018-09-20 23:23:55,393 DEBUG (BaseJdbcLogger.java:159)- ==> Parameters: 10(Integer)
2018-09-20 23:23:55,396 DEBUG (BaseJdbcLogger.java:159)- <==      Total: 10
2018-09-20 23:24:21,222 DEBUG (BaseJdbcLogger.java:159)- ==>  Preparing: SELECT count(0) FROM script_info 
2018-09-20 23:24:21,222 DEBUG (BaseJdbcLogger.java:159)- ==> Parameters: 
2018-09-20 23:24:21,224 DEBUG (BaseJdbcLogger.java:159)- <==      Total: 1
2018-09-20 23:24:21,225 DEBUG (BaseJdbcLogger.java:159)- ==>  Preparing: select id, script_name, intro, logo, create_time,detail from script_info LIMIT ? 
2018-09-20 23:24:21,225 DEBUG (BaseJdbcLogger.java:159)- ==> Parameters: 10(Integer)
2018-09-20 23:24:21,228 DEBUG (BaseJdbcLogger.java:159)- <==      Total: 10
2018-09-20 23:24:30,175 DEBUG (BaseJdbcLogger.java:159)- ==>  Preparing: SELECT count(0) FROM script_info 
2018-09-20 23:24:30,176 DEBUG (BaseJdbcLogger.java:159)- ==> Parameters: 
2018-09-20 23:24:30,177 DEBUG (BaseJdbcLogger.java:159)- <==      Total: 1
2018-09-20 23:24:30,179 DEBUG (BaseJdbcLogger.java:159)- ==>  Preparing: select id, script_name, intro, logo, create_time,detail from script_info LIMIT ? 
2018-09-20 23:24:30,179 DEBUG (BaseJdbcLogger.java:159)- ==> Parameters: 10(Integer)
2018-09-20 23:24:30,182 DEBUG (BaseJdbcLogger.java:159)- <==      Total: 10
2018-09-20 23:24:43,936 DEBUG (BaseJdbcLogger.java:159)- ==>  Preparing: SELECT count(0) FROM script_info 
2018-09-20 23:24:43,937 DEBUG (BaseJdbcLogger.java:159)- ==> Parameters: 
2018-09-20 23:24:43,938 DEBUG (BaseJdbcLogger.java:159)- <==      Total: 1
2018-09-20 23:24:43,939 DEBUG (BaseJdbcLogger.java:159)- ==>  Preparing: select id, script_name, intro, logo, create_time,detail from script_info LIMIT ? 
2018-09-20 23:24:43,940 DEBUG (BaseJdbcLogger.java:159)- ==> Parameters: 10(Integer)
2018-09-20 23:24:43,942 DEBUG (BaseJdbcLogger.java:159)- <==      Total: 10
2018-09-20 23:25:54,930 DEBUG (BaseJdbcLogger.java:159)- ==>  Preparing: SELECT count(0) FROM script_info 
2018-09-20 23:25:54,931 DEBUG (BaseJdbcLogger.java:159)- ==> Parameters: 
2018-09-20 23:25:54,932 DEBUG (BaseJdbcLogger.java:159)- <==      Total: 1
2018-09-20 23:25:54,934 DEBUG (BaseJdbcLogger.java:159)- ==>  Preparing: select id, script_name, intro, logo, create_time,detail from script_info LIMIT ? 
2018-09-20 23:25:54,935 DEBUG (BaseJdbcLogger.java:159)- ==> Parameters: 10(Integer)
2018-09-20 23:25:54,937 DEBUG (BaseJdbcLogger.java:159)- <==      Total: 10
2018-09-20 23:26:22,312 DEBUG (BaseJdbcLogger.java:159)- ==>  Preparing: SELECT count(0) FROM script_info 
2018-09-20 23:26:22,313 DEBUG (BaseJdbcLogger.java:159)- ==> Parameters: 
2018-09-20 23:26:22,314 DEBUG (BaseJdbcLogger.java:159)- <==      Total: 1
2018-09-20 23:26:22,315 DEBUG (BaseJdbcLogger.java:159)- ==>  Preparing: select id, script_name, intro, logo, create_time,detail from script_info LIMIT ? 
2018-09-20 23:26:22,316 DEBUG (BaseJdbcLogger.java:159)- ==> Parameters: 10(Integer)
2018-09-20 23:26:22,318 DEBUG (BaseJdbcLogger.java:159)- <==      Total: 10
2018-09-20 23:34:50,905 DEBUG (BaseJdbcLogger.java:159)- ==>  Preparing: SELECT count(0) FROM script_info 
2018-09-20 23:34:50,906 DEBUG (BaseJdbcLogger.java:159)- ==> Parameters: 
2018-09-20 23:34:50,908 DEBUG (BaseJdbcLogger.java:159)- <==      Total: 1
2018-09-20 23:34:50,910 DEBUG (BaseJdbcLogger.java:159)- ==>  Preparing: select id, script_name, intro, logo, create_time,detail from script_info LIMIT ? 
2018-09-20 23:34:50,911 DEBUG (BaseJdbcLogger.java:159)- ==> Parameters: 10(Integer)
2018-09-20 23:34:50,914 DEBUG (BaseJdbcLogger.java:159)- <==      Total: 10
2018-09-20 23:36:24,853 DEBUG (BaseJdbcLogger.java:159)- ==>  Preparing: SELECT count(0) FROM script_info 
2018-09-20 23:36:24,853 DEBUG (BaseJdbcLogger.java:159)- ==> Parameters: 
2018-09-20 23:36:24,854 DEBUG (BaseJdbcLogger.java:159)- <==      Total: 1
2018-09-20 23:36:24,856 DEBUG (BaseJdbcLogger.java:159)- ==>  Preparing: select id, script_name, intro, logo, create_time,detail from script_info LIMIT ? 
2018-09-20 23:36:24,856 DEBUG (BaseJdbcLogger.java:159)- ==> Parameters: 10(Integer)
2018-09-20 23:36:24,859 DEBUG (BaseJdbcLogger.java:159)- <==      Total: 10
2018-09-20 23:39:52,637 DEBUG (BaseJdbcLogger.java:159)- ==>  Preparing: SELECT count(0) FROM script_info 
2018-09-20 23:39:52,638 DEBUG (BaseJdbcLogger.java:159)- ==> Parameters: 
2018-09-20 23:39:52,639 DEBUG (BaseJdbcLogger.java:159)- <==      Total: 1
2018-09-20 23:39:52,641 DEBUG (BaseJdbcLogger.java:159)- ==>  Preparing: select id, script_name, intro, logo, create_time,detail from script_info LIMIT ? 
2018-09-20 23:39:52,642 DEBUG (BaseJdbcLogger.java:159)- ==> Parameters: 10(Integer)
2018-09-20 23:39:52,644 DEBUG (BaseJdbcLogger.java:159)- <==      Total: 10
2018-09-20 23:40:12,106 DEBUG (BaseJdbcLogger.java:159)- ==>  Preparing: SELECT count(0) FROM script_info 
2018-09-20 23:40:12,106 DEBUG (BaseJdbcLogger.java:159)- ==> Parameters: 
2018-09-20 23:40:12,107 DEBUG (BaseJdbcLogger.java:159)- <==      Total: 1
2018-09-20 23:40:12,109 DEBUG (BaseJdbcLogger.java:159)- ==>  Preparing: select id, script_name, intro, logo, create_time,detail from script_info LIMIT ? 
2018-09-20 23:40:12,110 DEBUG (BaseJdbcLogger.java:159)- ==> Parameters: 10(Integer)
2018-09-20 23:40:12,111 DEBUG (BaseJdbcLogger.java:159)- <==      Total: 10
2018-09-20 23:42:24,352 DEBUG (BaseJdbcLogger.java:159)- ==>  Preparing: SELECT count(0) FROM script_info 
2018-09-20 23:42:24,353 DEBUG (BaseJdbcLogger.java:159)- ==> Parameters: 
2018-09-20 23:42:24,354 DEBUG (BaseJdbcLogger.java:159)- <==      Total: 1
2018-09-20 23:42:24,356 DEBUG (BaseJdbcLogger.java:159)- ==>  Preparing: select id, script_name, intro, logo, create_time,detail from script_info LIMIT ? 
2018-09-20 23:42:24,356 DEBUG (BaseJdbcLogger.java:159)- ==> Parameters: 10(Integer)
2018-09-20 23:42:24,358 DEBUG (BaseJdbcLogger.java:159)- <==      Total: 10
2018-09-20 23:42:32,909 DEBUG (BaseJdbcLogger.java:159)- ==>  Preparing: SELECT count(0) FROM script_info 
2018-09-20 23:42:32,910 DEBUG (BaseJdbcLogger.java:159)- ==> Parameters: 
2018-09-20 23:42:32,911 DEBUG (BaseJdbcLogger.java:159)- <==      Total: 1
2018-09-20 23:42:32,914 DEBUG (BaseJdbcLogger.java:159)- ==>  Preparing: select id, script_name, intro, logo, create_time,detail from script_info LIMIT ? 
2018-09-20 23:42:32,914 DEBUG (BaseJdbcLogger.java:159)- ==> Parameters: 10(Integer)
2018-09-20 23:42:32,916 DEBUG (BaseJdbcLogger.java:159)- <==      Total: 10
2018-09-20 23:52:54,337 DEBUG (BaseJdbcLogger.java:159)- ==>  Preparing: SELECT count(0) FROM script_info 
2018-09-20 23:52:54,338 DEBUG (BaseJdbcLogger.java:159)- ==> Parameters: 
2018-09-20 23:52:54,340 DEBUG (BaseJdbcLogger.java:159)- <==      Total: 1
2018-09-20 23:52:54,341 DEBUG (BaseJdbcLogger.java:159)- ==>  Preparing: select id, script_name, intro, logo, create_time,detail from script_info LIMIT ? 
2018-09-20 23:52:54,342 DEBUG (BaseJdbcLogger.java:159)- ==> Parameters: 10(Integer)
2018-09-20 23:52:54,344 DEBUG (BaseJdbcLogger.java:159)- <==      Total: 10
2018-09-20 23:54:06,057 INFO (StartupInfoLogger.java:48)- Starting Application on DESKTOP-GG6D0SA with PID 2624 (F:\software\eclipse\workspace\workspace-scriptweb\scriptweb\target\classes started by shuju in F:\software\eclipse\workspace\workspace-scriptweb\scriptweb)
2018-09-20 23:54:06,058 DEBUG (StartupInfoLogger.java:51)- Running with Spring Boot v1.5.4.RELEASE, Spring v4.3.9.RELEASE
2018-09-20 23:54:06,059 INFO (SpringApplication.java:593)- No active profile set, falling back to default profiles: default
2018-09-20 23:54:12,872 INFO (StartupInfoLogger.java:57)- Started Application in 7.228 seconds (JVM running for 9.695)
2018-09-20 23:54:52,216 DEBUG (BaseJdbcLogger.java:159)- ==>  Preparing: SELECT count(0) FROM script_info 
2018-09-20 23:54:52,246 DEBUG (BaseJdbcLogger.java:159)- ==> Parameters: 
2018-09-20 23:54:52,275 DEBUG (BaseJdbcLogger.java:159)- <==      Total: 1
2018-09-20 23:54:52,278 DEBUG (BaseJdbcLogger.java:159)- ==>  Preparing: select id, script_name, intro, logo, create_time,detail from script_info LIMIT ? 
2018-09-20 23:54:52,279 DEBUG (BaseJdbcLogger.java:159)- ==> Parameters: 10(Integer)
2018-09-20 23:54:52,289 DEBUG (BaseJdbcLogger.java:159)- <==      Total: 10
2018-09-20 23:54:57,643 DEBUG (BaseJdbcLogger.java:159)- ==>  Preparing: SELECT count(0) FROM script_info 
2018-09-20 23:54:57,644 DEBUG (BaseJdbcLogger.java:159)- ==> Parameters: 
2018-09-20 23:54:57,646 DEBUG (BaseJdbcLogger.java:159)- <==      Total: 1
2018-09-20 23:54:57,649 DEBUG (BaseJdbcLogger.java:159)- ==>  Preparing: select id, script_name, intro, logo, create_time,detail from script_info LIMIT ? 
2018-09-20 23:54:57,650 DEBUG (BaseJdbcLogger.java:159)- ==> Parameters: 10(Integer)
2018-09-20 23:54:57,660 DEBUG (BaseJdbcLogger.java:159)- <==      Total: 10
2018-09-20 23:59:48,078 DEBUG (BaseJdbcLogger.java:159)- ==>  Preparing: SELECT count(0) FROM script_info 
2018-09-20 23:59:48,079 DEBUG (BaseJdbcLogger.java:159)- ==> Parameters: 
2018-09-20 23:59:48,081 DEBUG (BaseJdbcLogger.java:159)- <==      Total: 1
2018-09-20 23:59:48,084 DEBUG (BaseJdbcLogger.java:159)- ==>  Preparing: select id, script_name, intro, logo, create_time,detail from script_info LIMIT ? 
2018-09-20 23:59:48,085 DEBUG (BaseJdbcLogger.java:159)- ==> Parameters: 10(Integer)
2018-09-20 23:59:48,089 DEBUG (BaseJdbcLogger.java:159)- <==      Total: 10
